<?xml version="1.0" encoding="UTF-8"?>
<robot generator="Robot 4.0rc1 (Python 3.9.7 on win32)" generated="20210923 16:48:40.815" rpa="false">
<suite id="s1" name="REGRESSION" source="C:\Users\Dan Lacatan\Documents\Automation\NIB\TESTS\REGRESSION.robot">
<test id="s1-t1" name="End to End Regression">
<kw name="Open Browser" library="SEL">
<arg>${SUT_BASE_URL}</arg>
<arg>${BROWSER}</arg>
<doc>Opens a new browser instance to the optional ``url``.</doc>
<msg timestamp="20210923 16:48:41.216" level="INFO">Opening browser 'chrome' to base url 'https://genni.haelthtech.com.cn/omni/'.</msg>
<status status="PASS" starttime="20210923 16:48:41.216" endtime="20210923 16:48:44.372"/>
</kw>
<kw name="Maximize Browser Window" library="SEL">
<doc>Maximizes current browser window.</doc>
<status status="PASS" starttime="20210923 16:48:44.373" endtime="20210923 16:48:44.504"/>
</kw>
<kw name="Perform Login" library="KEYWORD_LOGIN">
<arg>dann</arg>
<arg>salus123</arg>
<kw name="Wait Until Page Contains Element" library="SEL">
<arg>${PAGE_LOGIN['TextBox_UserName']}</arg>
<doc>Waits until the element ``locator`` appears on the current page.</doc>
<status status="PASS" starttime="20210923 16:48:44.505" endtime="20210923 16:48:44.520"/>
</kw>
<kw name="Input Text" library="SEL">
<arg>${PAGE_LOGIN['TextBox_UserName']}</arg>
<arg>${userName}</arg>
<doc>Types the given ``text`` into the text field identified by ``locator``.</doc>
<msg timestamp="20210923 16:48:44.522" level="INFO">Typing text 'dann' into text field 'id:name'.</msg>
<status status="PASS" starttime="20210923 16:48:44.520" endtime="20210923 16:48:44.598"/>
</kw>
<kw name="Input Text" library="SEL">
<arg>${PAGE_LOGIN['TextBox_Password']}</arg>
<arg>${password}</arg>
<doc>Types the given ``text`` into the text field identified by ``locator``.</doc>
<msg timestamp="20210923 16:48:44.600" level="INFO">Typing text 'salus123' into text field 'id:pwd'.</msg>
<status status="PASS" starttime="20210923 16:48:44.598" endtime="20210923 16:48:44.693"/>
</kw>
<kw name="Press Keys" library="SEL">
<arg>${PAGE_LOGIN['Button_Logon']}</arg>
<arg>ENTER</arg>
<doc>Simulates the user pressing key(s) to an element or on the active browser.</doc>
<msg timestamp="20210923 16:48:44.695" level="INFO">Sending key(s) ('ENTER',) to id:submit element.</msg>
<msg timestamp="20210923 16:48:47.443" level="INFO">Pressing special key ENTER to element.</msg>
<msg timestamp="20210923 16:48:47.443" level="INFO">Releasing special key ENTER.</msg>
<status status="PASS" starttime="20210923 16:48:44.693" endtime="20210923 16:48:47.448"/>
</kw>
<status status="PASS" starttime="20210923 16:48:44.504" endtime="20210923 16:48:47.448"/>
</kw>
<kw name="Navigate to Group Setup" library="KEYWORD_GRPSETUP">
<kw name="Wait Until Element Is Not Visible" library="SEL">
<arg>${GENERIC_COMPONENTS['Image_Loading']}</arg>
<doc>Waits until the element ``locator`` is not visible.</doc>
<status status="PASS" starttime="20210923 16:48:47.451" endtime="20210923 16:48:48.399"/>
</kw>
<kw name="Mouse Over" library="SEL">
<arg>${GENERIC_COMPONENTS['MenuItem_Groups']}</arg>
<doc>Simulates hovering the mouse over the element ``locator``.</doc>
<msg timestamp="20210923 16:48:48.401" level="INFO">Simulating Mouse Over on element 'xpath://div[@id='header_j_id_jsp_1924074943_1j_id_0_navMenu_menu']//descendant::td[1]/span[2]'.</msg>
<status status="PASS" starttime="20210923 16:48:48.399" endtime="20210923 16:48:48.681"/>
</kw>
<kw name="Wait Until Element Is Visible" library="SEL">
<arg>${GENERIC_COMPONENTS['SubMenuItem_GroupSetup']}</arg>
<doc>Waits until the element ``locator`` is visible.</doc>
<status status="PASS" starttime="20210923 16:48:48.681" endtime="20210923 16:48:48.708"/>
</kw>
<kw name="Click Element" library="SEL">
<arg>${GENERIC_COMPONENTS['SubMenuItem_GroupSetup']}</arg>
<doc>Click the element identified by ``locator``.</doc>
<msg timestamp="20210923 16:48:48.709" level="INFO">Clicking element 'xpath://div[@id='cmSubMenuID1']//tr[1]/td[2]'.</msg>
<status status="PASS" starttime="20210923 16:48:48.708" endtime="20210923 16:48:52.456"/>
</kw>
<status status="PASS" starttime="20210923 16:48:47.450" endtime="20210923 16:48:52.457"/>
</kw>
<kw name="Click Group Setup New Button" library="KEYWORD_GRPSETUP">
<kw name="Wait Until Element Is Not Visible" library="SEL">
<arg>${GENERIC_COMPONENTS['Image_Loading']}</arg>
<doc>Waits until the element ``locator`` is not visible.</doc>
<status status="PASS" starttime="20210923 16:48:52.458" endtime="20210923 16:48:53.396"/>
</kw>
<kw name="Wait Until Page Contains Element" library="SEL">
<arg>${PAGE_GROUPSETUP['Button_New']}</arg>
<doc>Waits until the element ``locator`` appears on the current page.</doc>
<status status="PASS" starttime="20210923 16:48:53.397" endtime="20210923 16:48:53.412"/>
</kw>
<kw name="Click Element" library="SEL">
<arg>${PAGE_GROUPSETUP['Button_New']}</arg>
<doc>Click the element identified by ``locator``.</doc>
<msg timestamp="20210923 16:48:53.414" level="INFO">Clicking element 'xpath://div[@id='body:mainForm:buttonBar:j_id_jsp_120012412_0j_id_0']//td[2]/a'.</msg>
<status status="PASS" starttime="20210923 16:48:53.412" endtime="20210923 16:48:56.059"/>
</kw>
<status status="PASS" starttime="20210923 16:48:52.458" endtime="20210923 16:48:56.059"/>
</kw>
<kw name="Provide Group details" library="KEYWORD_GRPSETUP">
<arg>NWO TEST GROUP58</arg>
<arg>09/09/2021</arg>
<arg>GROUP</arg>
<arg>1000</arg>
<arg>ANNUAL</arg>
<kw name="Wait Until Element Is Not Visible" library="SEL">
<arg>${GENERIC_COMPONENTS['Image_Loading']}</arg>
<doc>Waits until the element ``locator`` is not visible.</doc>
<status status="PASS" starttime="20210923 16:48:56.061" endtime="20210923 16:48:56.969"/>
</kw>
<kw name="Input Text" library="SEL">
<arg>${PAGE_ADDGROUP['TextBox_GroupName']}</arg>
<arg>${groupName}</arg>
<doc>Types the given ``text`` into the text field identified by ``locator``.</doc>
<msg timestamp="20210923 16:48:56.971" level="INFO">Typing text 'NWO TEST GROUP58' into text field 'xpath://input[@id='body:groupsFm:GroupsForm:name']'.</msg>
<status status="PASS" starttime="20210923 16:48:56.969" endtime="20210923 16:48:57.111"/>
</kw>
<kw name="Input Text" library="SEL">
<arg>${PAGE_ADDGROUP['TextBox_StartDate']}</arg>
<arg>${groupStartDate}</arg>
<doc>Types the given ``text`` into the text field identified by ``locator``.</doc>
<msg timestamp="20210923 16:48:57.114" level="INFO">Typing text '09/09/2021' into text field 'xpath://input[@id='body:groupsFm:GroupsForm:groupStartDate']'.</msg>
<status status="PASS" starttime="20210923 16:48:57.112" endtime="20210923 16:48:57.234"/>
</kw>
<kw name="Select From List By Value" library="SEL">
<arg>${PAGE_ADDGROUP['DropDown_GroupType']}</arg>
<arg>${groupType}</arg>
<doc>Selects options from selection list ``locator`` by ``values``.</doc>
<msg timestamp="20210923 16:48:57.236" level="INFO">Selecting options from selection list 'xpath://select[@id='body:groupsFm:GroupsForm:groupTypeCode']' by value GROUP.</msg>
<status status="PASS" starttime="20210923 16:48:57.234" endtime="20210923 16:48:57.287"/>
</kw>
<kw name="Select From List By Value" library="SEL">
<arg>${PAGE_ADDGROUP['DropDownn_SalesRegion']}</arg>
<arg>${branch}</arg>
<doc>Selects options from selection list ``locator`` by ``values``.</doc>
<msg timestamp="20210923 16:48:57.288" level="INFO">Selecting options from selection list 'xpath://select[@id='body:groupsFm:GroupsForm:salesRegion']' by value 1000.</msg>
<status status="PASS" starttime="20210923 16:48:57.287" endtime="20210923 16:48:57.338"/>
</kw>
<kw name="Select From List By Value" library="SEL">
<arg>${PAGE_ADDGROUP['DropDownn_BillingFreq']}</arg>
<arg>${frequency}</arg>
<doc>Selects options from selection list ``locator`` by ``values``.</doc>
<msg timestamp="20210923 16:48:57.340" level="INFO">Selecting options from selection list 'xpath://select[@id='body:groupsFm:GroupsForm:billingFrequency']' by value ANNUAL.</msg>
<status status="PASS" starttime="20210923 16:48:57.338" endtime="20210923 16:48:57.423"/>
</kw>
<status status="PASS" starttime="20210923 16:48:56.060" endtime="20210923 16:48:57.423"/>
</kw>
<kw name="Save Group details" library="KEYWORD_GRPSETUP">
<kw name="Click Element" library="SEL">
<arg>${PAGE_ADDGROUP['Button_Save']}</arg>
<doc>Click the element identified by ``locator``.</doc>
<msg timestamp="20210923 16:48:57.426" level="INFO">Clicking element 'xpath://a[@id='body:groupsFm:saveGroupBtn']'.</msg>
<status status="PASS" starttime="20210923 16:48:57.424" endtime="20210923 16:49:01.302"/>
</kw>
<status status="PASS" starttime="20210923 16:48:57.424" endtime="20210923 16:49:01.302"/>
</kw>
<kw name="Validate display message" library="KEYWORD_GENERIC">
<arg>Groups saved</arg>
<kw name="Wait Until Element Is Not Visible" library="SEL">
<arg>${GENERIC_COMPONENTS['Image_Loading']}</arg>
<arg>60 s</arg>
<doc>Waits until the element ``locator`` is not visible.</doc>
<status status="PASS" starttime="20210923 16:49:01.304" endtime="20210923 16:49:02.226"/>
</kw>
<kw name="Wait Until Element Is Visible" library="SEL">
<arg>${GENERIC_COMPONENTS['ValidationMessage']}</arg>
<doc>Waits until the element ``locator`` is visible.</doc>
<status status="PASS" starttime="20210923 16:49:02.226" endtime="20210923 16:49:02.254"/>
</kw>
<kw name="Page Should Contain Element" library="SEL">
<arg>${GENERIC_COMPONENTS['ValidationMessage']}</arg>
<doc>Verifies that element ``locator`` is found on the current page.</doc>
<msg timestamp="20210923 16:49:02.262" level="INFO">Current page contains element 'xpath://ul[@id='header:errormsg']//span'.</msg>
<status status="PASS" starttime="20210923 16:49:02.254" endtime="20210923 16:49:02.263"/>
</kw>
<kw name="Page Should Contain" library="SEL">
<arg>${validation_msg}</arg>
<doc>Verifies that current page contains ``text``.</doc>
<msg timestamp="20210923 16:49:02.278" level="INFO">Current page contains text 'Groups saved'.</msg>
<status status="PASS" starttime="20210923 16:49:02.263" endtime="20210923 16:49:02.278"/>
</kw>
<status status="PASS" starttime="20210923 16:49:01.303" endtime="20210923 16:49:02.279"/>
</kw>
<kw name="Navigate to Group Contacts tab" library="KEYWORD_GRPSETUP">
<kw name="Click Element" library="SEL">
<arg>${PAGE_GROUPSUMMARY_TABS['Tab_Contacts']}</arg>
<doc>Click the element identified by ``locator``.</doc>
<msg timestamp="20210923 16:49:02.281" level="INFO">Clicking element 'xpath://td[@id='body:groupsContactTab_headerCell']'.</msg>
<status status="PASS" starttime="20210923 16:49:02.279" endtime="20210923 16:49:04.800"/>
</kw>
<status status="PASS" starttime="20210923 16:49:02.279" endtime="20210923 16:49:04.800"/>
</kw>
<kw name="Provide Group Contacts information" library="KEYWORD_GRPSETUP">
<arg>50</arg>
<arg>LastName</arg>
<arg>FirstName</arg>
<arg>dann.lacatan@haelthtech.com</arg>
<kw name="Wait Until Element Is Not Visible" library="SEL">
<arg>${GENERIC_COMPONENTS['Image_Loading']}</arg>
<doc>Waits until the element ``locator`` is not visible.</doc>
<status status="PASS" starttime="20210923 16:49:04.802" endtime="20210923 16:49:05.709"/>
</kw>
<kw name="Select From List By Value" library="SEL">
<arg>${PAGE_GROUPSUMMARY_CONTACTS['DropDown_Title']}</arg>
<arg>${title}</arg>
<doc>Selects options from selection list ``locator`` by ``values``.</doc>
<msg timestamp="20210923 16:49:05.711" level="INFO">Selecting options from selection list 'xpath://select[@id='body:groupsContactTab:groupsContactFm:keyContactForm:title']' by value 50.</msg>
<status status="PASS" starttime="20210923 16:49:05.709" endtime="20210923 16:49:05.782"/>
</kw>
<kw name="Input Text" library="SEL">
<arg>${PAGE_GROUPSUMMARY_CONTACTS['TextBox_LastName']}</arg>
<arg>${pic_lastName}</arg>
<doc>Types the given ``text`` into the text field identified by ``locator``.</doc>
<msg timestamp="20210923 16:49:05.785" level="INFO">Typing text 'LastName' into text field 'xpath://input[@id='body:groupsContactTab:groupsContactFm:keyContactForm:lastName']'.</msg>
<status status="PASS" starttime="20210923 16:49:05.783" endtime="20210923 16:49:05.884"/>
</kw>
<kw name="Input Text" library="SEL">
<arg>${PAGE_GROUPSUMMARY_CONTACTS['TextBox_FirstName']}</arg>
<arg>${pic_firstName}</arg>
<doc>Types the given ``text`` into the text field identified by ``locator``.</doc>
<msg timestamp="20210923 16:49:05.886" level="INFO">Typing text 'FirstName' into text field 'xpath://input[@id='body:groupsContactTab:groupsContactFm:keyContactForm:firstName']'.</msg>
<status status="PASS" starttime="20210923 16:49:05.884" endtime="20210923 16:49:05.990"/>
</kw>
<kw name="Input Text" library="SEL">
<arg>${PAGE_GROUPSUMMARY_CONTACTS['TextBox_EmailAddress']}</arg>
<arg>${pic_email}</arg>
<doc>Types the given ``text`` into the text field identified by ``locator``.</doc>
<msg timestamp="20210923 16:49:05.992" level="INFO">Typing text 'dann.lacatan@haelthtech.com' into text field 'xpath://input[@id='body:groupsContactTab:groupsContactFm:keyContactForm:email']'.</msg>
<status status="PASS" starttime="20210923 16:49:05.990" endtime="20210923 16:49:06.115"/>
</kw>
<status status="PASS" starttime="20210923 16:49:04.801" endtime="20210923 16:49:06.115"/>
</kw>
<kw name="Save Group Contacts information" library="KEYWORD_GRPSETUP">
<kw name="Click Element" library="SEL">
<arg>${PAGE_GROUPSUMMARY_CONTACTS['Button_Save']}</arg>
<doc>Click the element identified by ``locator``.</doc>
<msg timestamp="20210923 16:49:06.117" level="INFO">Clicking element 'xpath://a[@id='body:groupsContactTab:groupsContactFm:contacsSaveBtn']'.</msg>
<status status="PASS" starttime="20210923 16:49:06.116" endtime="20210923 16:49:09.279"/>
</kw>
<status status="PASS" starttime="20210923 16:49:06.115" endtime="20210923 16:49:09.279"/>
</kw>
<kw name="Validate display message" library="KEYWORD_GENERIC">
<arg>Contact saved successfully</arg>
<kw name="Wait Until Element Is Not Visible" library="SEL">
<arg>${GENERIC_COMPONENTS['Image_Loading']}</arg>
<arg>60 s</arg>
<doc>Waits until the element ``locator`` is not visible.</doc>
<status status="PASS" starttime="20210923 16:49:09.280" endtime="20210923 16:49:10.203"/>
</kw>
<kw name="Wait Until Element Is Visible" library="SEL">
<arg>${GENERIC_COMPONENTS['ValidationMessage']}</arg>
<doc>Waits until the element ``locator`` is visible.</doc>
<status status="PASS" starttime="20210923 16:49:10.203" endtime="20210923 16:49:10.221"/>
</kw>
<kw name="Page Should Contain Element" library="SEL">
<arg>${GENERIC_COMPONENTS['ValidationMessage']}</arg>
<doc>Verifies that element ``locator`` is found on the current page.</doc>
<msg timestamp="20210923 16:49:10.231" level="INFO">Current page contains element 'xpath://ul[@id='header:errormsg']//span'.</msg>
<status status="PASS" starttime="20210923 16:49:10.221" endtime="20210923 16:49:10.231"/>
</kw>
<kw name="Page Should Contain" library="SEL">
<arg>${validation_msg}</arg>
<doc>Verifies that current page contains ``text``.</doc>
<msg timestamp="20210923 16:49:10.246" level="INFO">Current page contains text 'Contact saved successfully'.</msg>
<status status="PASS" starttime="20210923 16:49:10.231" endtime="20210923 16:49:10.246"/>
</kw>
<status status="PASS" starttime="20210923 16:49:09.280" endtime="20210923 16:49:10.247"/>
</kw>
<kw name="Navigate to Group Address tab" library="KEYWORD_GRPSETUP">
<kw name="Click Element" library="SEL">
<arg>${PAGE_GROUPSUMMARY_TABS['Tab_Address']}</arg>
<doc>Click the element identified by ``locator``.</doc>
<msg timestamp="20210923 16:49:10.249" level="INFO">Clicking element 'xpath://td[@id='body:groupsAddressTab_headerCell']'.</msg>
<status status="PASS" starttime="20210923 16:49:10.248" endtime="20210923 16:49:13.100"/>
</kw>
<status status="PASS" starttime="20210923 16:49:10.247" endtime="20210923 16:49:13.101"/>
</kw>
<kw name="Provide Group Address information" library="KEYWORD_GRPSETUP">
<arg>grp_addressLine1</arg>
<arg>1032</arg>
<arg>City</arg>
<arg>12345</arg>
<kw name="Wait Until Element Is Not Visible" library="SEL">
<arg>${GENERIC_COMPONENTS['Image_Loading']}</arg>
<doc>Waits until the element ``locator`` is not visible.</doc>
<status status="PASS" starttime="20210923 16:49:13.102" endtime="20210923 16:49:14.223"/>
</kw>
<kw name="Input Text" library="SEL">
<arg>${PAGE_GROUPSUMMARY_ADDRESS['TextBox_Address1']}</arg>
<arg>${grp_addressLine1}</arg>
<doc>Types the given ``text`` into the text field identified by ``locator``.</doc>
<msg timestamp="20210923 16:49:14.225" level="INFO">Typing text 'grp_addressLine1' into text field 'xpath://input[@id='body:groupsAddressTab:groupsAddressFm:streetAddressForm:address1']'.</msg>
<status status="PASS" starttime="20210923 16:49:14.224" endtime="20210923 16:49:14.314"/>
</kw>
<kw name="Select From List By Value" library="SEL">
<arg>${PAGE_GROUPSUMMARY_ADDRESS['DropDown_Region']}</arg>
<arg>${grp_addressRegion}</arg>
<doc>Selects options from selection list ``locator`` by ``values``.</doc>
<msg timestamp="20210923 16:49:14.316" level="INFO">Selecting options from selection list 'xpath://select[@id='body:groupsAddressTab:groupsAddressFm:streetAddressForm:regionsList']' by value 1032.</msg>
<status status="PASS" starttime="20210923 16:49:14.314" endtime="20210923 16:49:14.404"/>
</kw>
<kw name="Input Text" library="SEL">
<arg>${PAGE_GROUPSUMMARY_ADDRESS['TextBox_City']}</arg>
<arg>${grp_addressCity}</arg>
<doc>Types the given ``text`` into the text field identified by ``locator``.</doc>
<msg timestamp="20210923 16:49:14.406" level="INFO">Typing text 'City' into text field 'xpath://input[@id='body:groupsAddressTab:groupsAddressFm:streetAddressForm:city']'.</msg>
<status status="PASS" starttime="20210923 16:49:14.404" endtime="20210923 16:49:14.491"/>
</kw>
<kw name="Input Text" library="SEL">
<arg>${PAGE_GROUPSUMMARY_ADDRESS['TextBox_PostCode']}</arg>
<arg>${grp_addressPostCode}</arg>
<doc>Types the given ``text`` into the text field identified by ``locator``.</doc>
<msg timestamp="20210923 16:49:14.493" level="INFO">Typing text '12345' into text field 'xpath://input[@id='body:groupsAddressTab:groupsAddressFm:streetAddressForm:postcode']'.</msg>
<status status="PASS" starttime="20210923 16:49:14.492" endtime="20210923 16:49:14.618"/>
</kw>
<status status="PASS" starttime="20210923 16:49:13.101" endtime="20210923 16:49:14.618"/>
</kw>
<kw name="Save Group Address information" library="KEYWORD_GRPSETUP">
<kw name="Click Element" library="SEL">
<arg>${PAGE_GROUPSUMMARY_ADDRESS['Button_Save']}</arg>
<doc>Click the element identified by ``locator``.</doc>
<msg timestamp="20210923 16:49:14.621" level="INFO">Clicking element 'xpath://a[@id='body:groupsAddressTab:groupsAddressFm:saveBtnAddress']'.</msg>
<status status="PASS" starttime="20210923 16:49:14.619" endtime="20210923 16:49:17.782"/>
</kw>
<status status="PASS" starttime="20210923 16:49:14.619" endtime="20210923 16:49:17.782"/>
</kw>
<kw name="Validate display message" library="KEYWORD_GENERIC">
<arg>Group Street Address saved</arg>
<kw name="Wait Until Element Is Not Visible" library="SEL">
<arg>${GENERIC_COMPONENTS['Image_Loading']}</arg>
<arg>60 s</arg>
<doc>Waits until the element ``locator`` is not visible.</doc>
<status status="PASS" starttime="20210923 16:49:17.784" endtime="20210923 16:49:18.710"/>
</kw>
<kw name="Wait Until Element Is Visible" library="SEL">
<arg>${GENERIC_COMPONENTS['ValidationMessage']}</arg>
<doc>Waits until the element ``locator`` is visible.</doc>
<status status="PASS" starttime="20210923 16:49:18.710" endtime="20210923 16:49:18.729"/>
</kw>
<kw name="Page Should Contain Element" library="SEL">
<arg>${GENERIC_COMPONENTS['ValidationMessage']}</arg>
<doc>Verifies that element ``locator`` is found on the current page.</doc>
<msg timestamp="20210923 16:49:18.738" level="INFO">Current page contains element 'xpath://ul[@id='header:errormsg']//span'.</msg>
<status status="PASS" starttime="20210923 16:49:18.729" endtime="20210923 16:49:18.738"/>
</kw>
<kw name="Page Should Contain" library="SEL">
<arg>${validation_msg}</arg>
<doc>Verifies that current page contains ``text``.</doc>
<msg timestamp="20210923 16:49:18.754" level="INFO">Current page contains text 'Group Street Address saved'.</msg>
<status status="PASS" starttime="20210923 16:49:18.738" endtime="20210923 16:49:18.755"/>
</kw>
<status status="PASS" starttime="20210923 16:49:17.783" endtime="20210923 16:49:18.755"/>
</kw>
<kw name="Navigate to Group Plan tab" library="KEYWORD_GRPSETUP">
<kw name="Click Element" library="SEL">
<arg>${PAGE_GROUPSUMMARY_TABS['Tab_GroupPlan']}</arg>
<doc>Click the element identified by ``locator``.</doc>
<msg timestamp="20210923 16:49:18.757" level="INFO">Clicking element 'xpath://td[@id='body:groupsPlanTab_headerCell']'.</msg>
<status status="PASS" starttime="20210923 16:49:18.756" endtime="20210923 16:49:21.732"/>
</kw>
<status status="PASS" starttime="20210923 16:49:18.755" endtime="20210923 16:49:21.732"/>
</kw>
<kw name="Click Group Plan New Button" library="KEYWORD_GRPGPPT">
<kw name="Wait Until Element Is Not Visible" library="SEL">
<arg>${GENERIC_COMPONENTS['Image_Loading']}</arg>
<doc>Waits until the element ``locator`` is not visible.</doc>
<status status="PASS" starttime="20210923 16:49:21.733" endtime="20210923 16:49:22.642"/>
</kw>
<kw name="Click Element" library="SEL">
<arg>${PAGE_GROUPSUMMARY_GROUPPLAN['Button_New']}</arg>
<doc>Click the element identified by ``locator``.</doc>
<msg timestamp="20210923 16:49:22.644" level="INFO">Clicking element 'xpath://a[@id='body:groupsPlanTab:groupsPlanTabFm:addNewGroupPlanBtn']'.</msg>
<status status="PASS" starttime="20210923 16:49:22.642" endtime="20210923 16:49:35.116"/>
</kw>
<kw name="Wait Until Element Is Not Visible" library="SEL">
<arg>${GENERIC_COMPONENTS['Image_Loading']}</arg>
<doc>Waits until the element ``locator`` is not visible.</doc>
<status status="PASS" starttime="20210923 16:49:35.116" endtime="20210923 16:49:36.067"/>
</kw>
<status status="PASS" starttime="20210923 16:49:21.732" endtime="20210923 16:49:36.067"/>
</kw>
<kw name="Provide Group Plan details" library="KEYWORD_GRPGPPT">
<arg>FAMILY PLAN</arg>
<arg>EF</arg>
<arg>09/09/2021</arg>
<arg>PAYROLL</arg>
<arg>AGED</arg>
<kw name="Input Text" library="SEL">
<arg>${PAGE_ADDGPPT['TextBox_GroupPlanName']}</arg>
<arg>${planName}</arg>
<doc>Types the given ``text`` into the text field identified by ``locator``.</doc>
<msg timestamp="20210923 16:49:36.070" level="INFO">Typing text 'FAMILY PLAN' into text field 'xpath://input[@id='body:groupPlanPolicyTypeFm:insertPlanPolicyTypeForm:groupPlanName']'.</msg>
<status status="PASS" starttime="20210923 16:49:36.068" endtime="20210923 16:49:36.158"/>
</kw>
<kw name="Select From List By Value" library="SEL">
<arg>${PAGE_ADDGPPT['DropDown_PlanTypeName']}</arg>
<arg>${planType}</arg>
<doc>Selects options from selection list ``locator`` by ``values``.</doc>
<msg timestamp="20210923 16:49:36.160" level="INFO">Selecting options from selection list 'xpath://select[@id='body:groupPlanPolicyTypeFm:insertPlanPolicyTypeForm:groupPlanTypeNameDropdown']' by value EF.</msg>
<status status="PASS" starttime="20210923 16:49:36.158" endtime="20210923 16:49:36.237"/>
</kw>
<kw name="Input Text" library="SEL">
<arg>${PAGE_ADDGPPT['TextBox_StartDate']}</arg>
<arg>${planStartDate}</arg>
<doc>Types the given ``text`` into the text field identified by ``locator``.</doc>
<msg timestamp="20210923 16:49:36.239" level="INFO">Typing text '09/09/2021' into text field 'xpath://input[@id='body:groupPlanPolicyTypeFm:insertPlanPolicyTypeForm:gpptStartDate']'.</msg>
<status status="PASS" starttime="20210923 16:49:36.237" endtime="20210923 16:49:36.382"/>
</kw>
<kw name="Select From List By Value" library="SEL">
<arg>${PAGE_ADDGPPT['DropDown_PaymentSource']}</arg>
<arg>${paymentSource}</arg>
<doc>Selects options from selection list ``locator`` by ``values``.</doc>
<msg timestamp="20210923 16:49:36.384" level="INFO">Selecting options from selection list 'xpath://select[@id='body:groupPlanPolicyTypeFm:insertPlanPolicyTypeForm:paymentSource']' by value PAYROLL.</msg>
<status status="PASS" starttime="20210923 16:49:36.382" endtime="20210923 16:49:36.431"/>
</kw>
<kw name="Select From List By Value" library="SEL">
<arg>${PAGE_ADDGPPT['DropDown_EmpPremType']}</arg>
<arg>${empPremType}</arg>
<doc>Selects options from selection list ``locator`` by ``values``.</doc>
<msg timestamp="20210923 16:49:36.432" level="INFO">Selecting options from selection list 'xpath://select[@id='body:groupPlanPolicyTypeFm:insertPlanPolicyTypeForm:employeePremTypeCode']' by value AGED.</msg>
<status status="PASS" starttime="20210923 16:49:36.431" endtime="20210923 16:49:36.476"/>
</kw>
<kw name="Click Element" library="SEL">
<arg>${PAGE_ADDGPPT['SearchIcon_BaseProduct']}</arg>
<doc>Click the element identified by ``locator``.</doc>
<msg timestamp="20210923 16:49:36.478" level="INFO">Clicking element 'xpath://a[@id='body:groupPlanPolicyTypeFm:insertPlanPolicyTypeForm:searchProduct']'.</msg>
<status status="PASS" starttime="20210923 16:49:36.476" endtime="20210923 16:49:55.067"/>
</kw>
<kw name="Wait Until Element Is Not Visible" library="SEL">
<arg>${GENERIC_COMPONENTS['Image_Loading']}</arg>
<doc>Waits until the element ``locator`` is not visible.</doc>
<status status="PASS" starttime="20210923 16:49:55.067" endtime="20210923 16:49:56.042"/>
</kw>
<kw name="Click Element" library="SEL">
<arg>${PAGE_PRODUCT['Link_ProductCode']}</arg>
<doc>Click the element identified by ``locator``.</doc>
<msg timestamp="20210923 16:49:56.043" level="INFO">Clicking element 'xpath://a[@id='body:mainForm:grid:dataGrid:10:dynamicColumns:0_0:link']'.</msg>
<status status="PASS" starttime="20210923 16:49:56.042" endtime="20210923 16:50:07.403"/>
</kw>
<kw name="Wait Until Element Is Not Visible" library="SEL">
<arg>${GENERIC_COMPONENTS['Image_Loading']}</arg>
<doc>Waits until the element ``locator`` is not visible.</doc>
<status status="PASS" starttime="20210923 16:50:07.403" endtime="20210923 16:50:08.337"/>
</kw>
<status status="PASS" starttime="20210923 16:49:36.068" endtime="20210923 16:50:08.338"/>
</kw>
<kw name="Save Group Plan details" library="KEYWORD_GRPGPPT">
<kw name="Click Element" library="SEL">
<arg>${PAGE_ADDGPPT['Button_Save']}</arg>
<doc>Click the element identified by ``locator``.</doc>
<msg timestamp="20210923 16:50:08.341" level="INFO">Clicking element 'xpath://a[@id='body:groupPlanPolicyTypeFm:saveGroupPlanBtn']'.</msg>
<status status="PASS" starttime="20210923 16:50:08.339" endtime="20210923 16:50:38.039"/>
</kw>
<status status="PASS" starttime="20210923 16:50:08.338" endtime="20210923 16:50:38.040"/>
</kw>
<kw name="Validate display message" library="KEYWORD_GENERIC">
<arg>Group plan saved</arg>
<kw name="Wait Until Element Is Not Visible" library="SEL">
<arg>${GENERIC_COMPONENTS['Image_Loading']}</arg>
<arg>60 s</arg>
<doc>Waits until the element ``locator`` is not visible.</doc>
<status status="PASS" starttime="20210923 16:50:38.041" endtime="20210923 16:50:38.991"/>
</kw>
<kw name="Wait Until Element Is Visible" library="SEL">
<arg>${GENERIC_COMPONENTS['ValidationMessage']}</arg>
<doc>Waits until the element ``locator`` is visible.</doc>
<status status="PASS" starttime="20210923 16:50:38.991" endtime="20210923 16:50:39.016"/>
</kw>
<kw name="Page Should Contain Element" library="SEL">
<arg>${GENERIC_COMPONENTS['ValidationMessage']}</arg>
<doc>Verifies that element ``locator`` is found on the current page.</doc>
<msg timestamp="20210923 16:50:39.025" level="INFO">Current page contains element 'xpath://ul[@id='header:errormsg']//span'.</msg>
<status status="PASS" starttime="20210923 16:50:39.016" endtime="20210923 16:50:39.025"/>
</kw>
<kw name="Page Should Contain" library="SEL">
<arg>${validation_msg}</arg>
<doc>Verifies that current page contains ``text``.</doc>
<msg timestamp="20210923 16:50:39.041" level="INFO">Current page contains text 'Group plan saved'.</msg>
<status status="PASS" starttime="20210923 16:50:39.025" endtime="20210923 16:50:39.041"/>
</kw>
<status status="PASS" starttime="20210923 16:50:38.041" endtime="20210923 16:50:39.042"/>
</kw>
<kw name="Navigate to Group Plan Billing Details" library="KEYWORD_GRPGPPT">
<kw name="Click Element" library="SEL">
<arg>${PAGE_GPPTSUMMARY_TABS['Tab_Billing']}</arg>
<doc>Click the element identified by ``locator``.</doc>
<msg timestamp="20210923 16:50:39.044" level="INFO">Clicking element 'xpath://td[@id='body:billingDetailsTab_headerCell']'.</msg>
<status status="PASS" starttime="20210923 16:50:39.043" endtime="20210923 16:50:54.763"/>
</kw>
<kw name="Wait Until Element Is Not Visible" library="SEL">
<arg>${GENERIC_COMPONENTS['Image_Loading']}</arg>
<doc>Waits until the element ``locator`` is not visible.</doc>
<status status="PASS" starttime="20210923 16:50:54.763" endtime="20210923 16:50:55.721"/>
</kw>
<status status="PASS" starttime="20210923 16:50:39.042" endtime="20210923 16:50:55.721"/>
</kw>
<kw name="Add Group Plan Billing Account" library="KEYWORD_GRPGPPT">
<kw name="Click Element" library="SEL">
<arg>${PAGE_GPPTSUMMARY_BILLING['Link_AddBillingAcc']}</arg>
<doc>Click the element identified by ``locator``.</doc>
<msg timestamp="20210923 16:50:55.722" level="INFO">Clicking element 'xpath://a[@id='body:billingDetailsTab:billingDetails:groupPlanPolicyTypeFmBilling:addAnotherBillingAccountLinkBtn']'.</msg>
<status status="PASS" starttime="20210923 16:50:55.721" endtime="20210923 16:51:06.243"/>
</kw>
<kw name="Wait Until Element Is Not Visible" library="SEL">
<arg>${GENERIC_COMPONENTS['Image_Loading']}</arg>
<doc>Waits until the element ``locator`` is not visible.</doc>
<status status="PASS" starttime="20210923 16:51:06.244" endtime="20210923 16:51:07.198"/>
</kw>
<status status="PASS" starttime="20210923 16:50:55.721" endtime="20210923 16:51:07.198"/>
</kw>
<kw name="Save Group Plan Billing Account" library="KEYWORD_GRPGPPT">
<kw name="Scroll Down" library="KEYWORD_GENERIC">
<kw name="Execute Javascript" library="SEL">
<arg>window.scrollBy(900, 900);</arg>
<doc>Executes the given JavaScript code with possible arguments.</doc>
<msg timestamp="20210923 16:51:07.200" level="INFO">Executing JavaScript:
window.scrollBy(900, 900);
Without any arguments.</msg>
<status status="PASS" starttime="20210923 16:51:07.200" endtime="20210923 16:51:07.205"/>
</kw>
<status status="PASS" starttime="20210923 16:51:07.199" endtime="20210923 16:51:07.206"/>
</kw>
<kw name="Click Element" library="SEL">
<arg>${PAGE_GPPT_ADDBILLACC['Button_Save']}</arg>
<doc>Click the element identified by ``locator``.</doc>
<msg timestamp="20210923 16:51:07.207" level="INFO">Clicking element 'xpath://a[@id='body:addBillingForm:addBillingDetailsBtn']'.</msg>
<status status="PASS" starttime="20210923 16:51:07.206" endtime="20210923 16:51:27.045"/>
</kw>
<status status="PASS" starttime="20210923 16:51:07.199" endtime="20210923 16:51:27.046"/>
</kw>
<kw name="Validate display message" library="KEYWORD_GENERIC">
<arg>Billing Details saved</arg>
<kw name="Wait Until Element Is Not Visible" library="SEL">
<arg>${GENERIC_COMPONENTS['Image_Loading']}</arg>
<arg>60 s</arg>
<doc>Waits until the element ``locator`` is not visible.</doc>
<status status="PASS" starttime="20210923 16:51:27.048" endtime="20210923 16:51:27.993"/>
</kw>
<kw name="Wait Until Element Is Visible" library="SEL">
<arg>${GENERIC_COMPONENTS['ValidationMessage']}</arg>
<doc>Waits until the element ``locator`` is visible.</doc>
<status status="PASS" starttime="20210923 16:51:27.993" endtime="20210923 16:51:28.016"/>
</kw>
<kw name="Page Should Contain Element" library="SEL">
<arg>${GENERIC_COMPONENTS['ValidationMessage']}</arg>
<doc>Verifies that element ``locator`` is found on the current page.</doc>
<msg timestamp="20210923 16:51:28.025" level="INFO">Current page contains element 'xpath://ul[@id='header:errormsg']//span'.</msg>
<status status="PASS" starttime="20210923 16:51:28.017" endtime="20210923 16:51:28.025"/>
</kw>
<kw name="Page Should Contain" library="SEL">
<arg>${validation_msg}</arg>
<doc>Verifies that current page contains ``text``.</doc>
<msg timestamp="20210923 16:51:28.042" level="INFO">Current page contains text 'Billing Details saved'.</msg>
<status status="PASS" starttime="20210923 16:51:28.025" endtime="20210923 16:51:28.042"/>
</kw>
<status status="PASS" starttime="20210923 16:51:27.047" endtime="20210923 16:51:28.042"/>
</kw>
<kw name="Save Group Plan Billing Details" library="KEYWORD_GRPGPPT">
<kw name="Scroll Down" library="KEYWORD_GENERIC">
<kw name="Execute Javascript" library="SEL">
<arg>window.scrollBy(900, 900);</arg>
<doc>Executes the given JavaScript code with possible arguments.</doc>
<msg timestamp="20210923 16:51:28.045" level="INFO">Executing JavaScript:
window.scrollBy(900, 900);
Without any arguments.</msg>
<status status="PASS" starttime="20210923 16:51:28.044" endtime="20210923 16:51:28.051"/>
</kw>
<status status="PASS" starttime="20210923 16:51:28.044" endtime="20210923 16:51:28.052"/>
</kw>
<kw name="Click Element" library="SEL">
<arg>${PAGE_GPPTSUMMARY_BILLING['Button_Save']}</arg>
<doc>Click the element identified by ``locator``.</doc>
<msg timestamp="20210923 16:51:28.054" level="INFO">Clicking element 'xpath://a[@id='body:billingDetailsTab:billingDetails:groupPlanPolicyTypeFmBilling:saveBillingDetailsBtn']'.</msg>
<status status="PASS" starttime="20210923 16:51:28.052" endtime="20210923 16:51:53.133"/>
</kw>
<status status="PASS" starttime="20210923 16:51:28.043" endtime="20210923 16:51:53.134"/>
</kw>
<kw name="Validate display message" library="KEYWORD_GENERIC">
<arg>Billing Details saved</arg>
<kw name="Wait Until Element Is Not Visible" library="SEL">
<arg>${GENERIC_COMPONENTS['Image_Loading']}</arg>
<arg>60 s</arg>
<doc>Waits until the element ``locator`` is not visible.</doc>
<status status="PASS" starttime="20210923 16:51:53.135" endtime="20210923 16:51:54.085"/>
</kw>
<kw name="Wait Until Element Is Visible" library="SEL">
<arg>${GENERIC_COMPONENTS['ValidationMessage']}</arg>
<doc>Waits until the element ``locator`` is visible.</doc>
<status status="PASS" starttime="20210923 16:51:54.085" endtime="20210923 16:51:54.110"/>
</kw>
<kw name="Page Should Contain Element" library="SEL">
<arg>${GENERIC_COMPONENTS['ValidationMessage']}</arg>
<doc>Verifies that element ``locator`` is found on the current page.</doc>
<msg timestamp="20210923 16:51:54.121" level="INFO">Current page contains element 'xpath://ul[@id='header:errormsg']//span'.</msg>
<status status="PASS" starttime="20210923 16:51:54.111" endtime="20210923 16:51:54.121"/>
</kw>
<kw name="Page Should Contain" library="SEL">
<arg>${validation_msg}</arg>
<doc>Verifies that current page contains ``text``.</doc>
<msg timestamp="20210923 16:51:54.138" level="INFO">Current page contains text 'Billing Details saved'.</msg>
<status status="PASS" starttime="20210923 16:51:54.121" endtime="20210923 16:51:54.138"/>
</kw>
<status status="PASS" starttime="20210923 16:51:53.134" endtime="20210923 16:51:54.138"/>
</kw>
<kw name="Navigate to Group Plan Product Option" library="KEYWORD_GRPGPPT">
<kw name="Click Element" library="SEL">
<arg>${PAGE_GPPTSUMMARY_TABS['Tab_ProductOption']}</arg>
<doc>Click the element identified by ``locator``.</doc>
<msg timestamp="20210923 16:51:54.142" level="INFO">Clicking element 'xpath://td[@id='body:productOptionsTab_headerCell']'.</msg>
<status status="PASS" starttime="20210923 16:51:54.140" endtime="20210923 16:52:01.953"/>
</kw>
<kw name="Wait Until Element Is Not Visible" library="SEL">
<arg>${GENERIC_COMPONENTS['Image_Loading']}</arg>
<doc>Waits until the element ``locator`` is not visible.</doc>
<status status="PASS" starttime="20210923 16:52:01.953" endtime="20210923 16:52:02.882"/>
</kw>
<status status="PASS" starttime="20210923 16:51:54.139" endtime="20210923 16:52:02.882"/>
</kw>
<kw name="Click New Group Plan Product Option" library="KEYWORD_GRPGPPT">
<kw name="Click Element" library="SEL">
<arg>${PAGE_GPPTSUMMARY_PRODUCTOPTION['Button_New']}</arg>
<doc>Click the element identified by ``locator``.</doc>
<msg timestamp="20210923 16:52:02.884" level="INFO">Clicking element 'xpath://a[@id='body:productOptionsTab:productOptions:gpptProdOptionFm:newProductOptionsBtn']'.</msg>
<status status="PASS" starttime="20210923 16:52:02.883" endtime="20210923 16:52:11.877"/>
</kw>
<kw name="Wait Until Element Is Not Visible" library="SEL">
<arg>${GENERIC_COMPONENTS['Image_Loading']}</arg>
<doc>Waits until the element ``locator`` is not visible.</doc>
<status status="PASS" starttime="20210923 16:52:11.878" endtime="20210923 16:52:12.793"/>
</kw>
<status status="PASS" starttime="20210923 16:52:02.882" endtime="20210923 16:52:12.793"/>
</kw>
<kw name="Provide Group Plan Product Option information" library="KEYWORD_GRPGPPT">
<arg>EMPPARTNERFAM</arg>
<arg>EF</arg>
<arg>1081</arg>
<arg>1</arg>
<arg>FULL</arg>
<arg>UW Ngati Whatua Orakei Health Insurance nil xs</arg>
<kw name="Select From List By Value" library="SEL">
<arg>${PAGE_GPPT_ADDPRODUCTOPTION['DropDown_SubsidyLevel']}</arg>
<arg>${subsidyLvl}</arg>
<doc>Selects options from selection list ``locator`` by ``values``.</doc>
<msg timestamp="20210923 16:52:12.796" level="INFO">Selecting options from selection list 'xpath://select[@id='subsidyLevelCode']' by value EMPPARTNERFAM.</msg>
<status status="PASS" starttime="20210923 16:52:12.795" endtime="20210923 16:52:12.865"/>
</kw>
<kw name="Select From List By Value" library="SEL">
<arg>${PAGE_GPPT_ADDPRODUCTOPTION['DropDown_Eligibility']}</arg>
<arg>${eligibility}</arg>
<doc>Selects options from selection list ``locator`` by ``values``.</doc>
<msg timestamp="20210923 16:52:12.867" level="INFO">Selecting options from selection list 'xpath://select[@id='body:gpptProductOption:eligibility']' by value EF.</msg>
<status status="PASS" starttime="20210923 16:52:12.865" endtime="20210923 16:52:12.937"/>
</kw>
<kw name="Select From List By Value" library="SEL">
<arg>${PAGE_GPPT_ADDPRODUCTOPTION['DropDown_ProductCode']}</arg>
<arg>${productCode}</arg>
<doc>Selects options from selection list ``locator`` by ``values``.</doc>
<msg timestamp="20210923 16:52:12.939" level="INFO">Selecting options from selection list 'xpath://select[@id='productCode']' by value 1081.</msg>
<status status="PASS" starttime="20210923 16:52:12.937" endtime="20210923 16:52:13.016"/>
</kw>
<kw name="Wait Until Page Contains Element" library="SEL">
<arg>${PAGE_GPPT_ADDPRODUCTOPTION['Option_ProductOption']}</arg>
<arg>60 s</arg>
<doc>Waits until the element ``locator`` appears on the current page.</doc>
<status status="PASS" starttime="20210923 16:52:13.016" endtime="20210923 16:52:18.290"/>
</kw>
<kw name="Select From List By Index" library="SEL">
<arg>${PAGE_GPPT_ADDPRODUCTOPTION['DropDown_ProductOption']}</arg>
<arg>${productOptionCode}</arg>
<doc>Selects options from selection list ``locator`` by ``indexes``.</doc>
<msg timestamp="20210923 16:52:18.292" level="INFO">Selecting options from selection list 'xpath://select[@id='productOptionCode']' by index 1.</msg>
<status status="PASS" starttime="20210923 16:52:18.291" endtime="20210923 16:52:18.379"/>
</kw>
<kw name="Select Radio Button" library="SEL">
<arg>${PAGE_GPPT_ADDPRODUCTOPTION['RadioButton_SubsidyBasis']}</arg>
<arg>${subsidyBasis}</arg>
<doc>Sets the radio button group ``group_name`` to ``value``.</doc>
<msg timestamp="20210923 16:52:18.381" level="INFO">Selecting 'FULL' from radio button 'body:gpptProductOption:subsidisedAmt'.</msg>
<status status="PASS" starttime="20210923 16:52:18.379" endtime="20210923 16:52:18.402"/>
</kw>
<kw name="Wait Until Keyword Succeeds" library="BIN">
<arg>10 s</arg>
<arg>200ms</arg>
<arg>Get UW Ratecard value</arg>
<arg>${expected}</arg>
<doc>Runs the specified keyword and retries if it fails.</doc>
<kw name="Get UW Ratecard value" library="KEYWORD_GRPGPPT">
<arg>${expected}</arg>
<kw name="Get Element Attribute" library="SEL">
<var>${actual_value}</var>
<arg>${PAGE_GPPT_ADDPRODUCTOPTION['TextBox_UWRateCard']}</arg>
<arg>value</arg>
<doc>Returns the value of ``attribute`` from the element ``locator``.</doc>
<msg timestamp="20210923 16:52:18.425" level="INFO">${actual_value} = </msg>
<status status="PASS" starttime="20210923 16:52:18.404" endtime="20210923 16:52:18.425"/>
</kw>
<kw name="Should Be Equal As Strings" library="BIN">
<arg>${actual_value}</arg>
<arg>${expected}</arg>
<doc>Fails if objects are unequal after converting them to strings.</doc>
<msg timestamp="20210923 16:52:18.426" level="FAIL"> != UW Ngati Whatua Orakei Health Insurance nil xs</msg>
<status status="FAIL" starttime="20210923 16:52:18.425" endtime="20210923 16:52:18.426"/>
</kw>
<status status="FAIL" starttime="20210923 16:52:18.403" endtime="20210923 16:52:18.426"/>
</kw>
<kw name="Get UW Ratecard value" library="KEYWORD_GRPGPPT">
<arg>${expected}</arg>
<kw name="Get Element Attribute" library="SEL">
<var>${actual_value}</var>
<arg>${PAGE_GPPT_ADDPRODUCTOPTION['TextBox_UWRateCard']}</arg>
<arg>value</arg>
<doc>Returns the value of ``attribute`` from the element ``locator``.</doc>
<msg timestamp="20210923 16:52:18.653" level="INFO">${actual_value} = </msg>
<status status="PASS" starttime="20210923 16:52:18.639" endtime="20210923 16:52:18.653"/>
</kw>
<kw name="Should Be Equal As Strings" library="BIN">
<arg>${actual_value}</arg>
<arg>${expected}</arg>
<doc>Fails if objects are unequal after converting them to strings.</doc>
<msg timestamp="20210923 16:52:18.654" level="FAIL"> != UW Ngati Whatua Orakei Health Insurance nil xs</msg>
<status status="FAIL" starttime="20210923 16:52:18.654" endtime="20210923 16:52:18.654"/>
</kw>
<status status="FAIL" starttime="20210923 16:52:18.637" endtime="20210923 16:52:18.654"/>
</kw>
<kw name="Get UW Ratecard value" library="KEYWORD_GRPGPPT">
<arg>${expected}</arg>
<kw name="Get Element Attribute" library="SEL">
<var>${actual_value}</var>
<arg>${PAGE_GPPT_ADDPRODUCTOPTION['TextBox_UWRateCard']}</arg>
<arg>value</arg>
<doc>Returns the value of ``attribute`` from the element ``locator``.</doc>
<msg timestamp="20210923 16:52:18.873" level="INFO">${actual_value} = </msg>
<status status="PASS" starttime="20210923 16:52:18.858" endtime="20210923 16:52:18.873"/>
</kw>
<kw name="Should Be Equal As Strings" library="BIN">
<arg>${actual_value}</arg>
<arg>${expected}</arg>
<doc>Fails if objects are unequal after converting them to strings.</doc>
<msg timestamp="20210923 16:52:18.874" level="FAIL"> != UW Ngati Whatua Orakei Health Insurance nil xs</msg>
<status status="FAIL" starttime="20210923 16:52:18.874" endtime="20210923 16:52:18.874"/>
</kw>
<status status="FAIL" starttime="20210923 16:52:18.858" endtime="20210923 16:52:18.874"/>
</kw>
<kw name="Get UW Ratecard value" library="KEYWORD_GRPGPPT">
<arg>${expected}</arg>
<kw name="Get Element Attribute" library="SEL">
<var>${actual_value}</var>
<arg>${PAGE_GPPT_ADDPRODUCTOPTION['TextBox_UWRateCard']}</arg>
<arg>value</arg>
<doc>Returns the value of ``attribute`` from the element ``locator``.</doc>
<msg timestamp="20210923 16:52:19.093" level="INFO">${actual_value} = </msg>
<status status="PASS" starttime="20210923 16:52:19.079" endtime="20210923 16:52:19.093"/>
</kw>
<kw name="Should Be Equal As Strings" library="BIN">
<arg>${actual_value}</arg>
<arg>${expected}</arg>
<doc>Fails if objects are unequal after converting them to strings.</doc>
<msg timestamp="20210923 16:52:19.093" level="FAIL"> != UW Ngati Whatua Orakei Health Insurance nil xs</msg>
<status status="FAIL" starttime="20210923 16:52:19.093" endtime="20210923 16:52:19.093"/>
</kw>
<status status="FAIL" starttime="20210923 16:52:19.078" endtime="20210923 16:52:19.094"/>
</kw>
<kw name="Get UW Ratecard value" library="KEYWORD_GRPGPPT">
<arg>${expected}</arg>
<kw name="Get Element Attribute" library="SEL">
<var>${actual_value}</var>
<arg>${PAGE_GPPT_ADDPRODUCTOPTION['TextBox_UWRateCard']}</arg>
<arg>value</arg>
<doc>Returns the value of ``attribute`` from the element ``locator``.</doc>
<msg timestamp="20210923 16:52:19.314" level="INFO">${actual_value} = </msg>
<status status="PASS" starttime="20210923 16:52:19.300" endtime="20210923 16:52:19.315"/>
</kw>
<kw name="Should Be Equal As Strings" library="BIN">
<arg>${actual_value}</arg>
<arg>${expected}</arg>
<doc>Fails if objects are unequal after converting them to strings.</doc>
<msg timestamp="20210923 16:52:19.315" level="FAIL"> != UW Ngati Whatua Orakei Health Insurance nil xs</msg>
<status status="FAIL" starttime="20210923 16:52:19.315" endtime="20210923 16:52:19.315"/>
</kw>
<status status="FAIL" starttime="20210923 16:52:19.299" endtime="20210923 16:52:19.316"/>
</kw>
<kw name="Get UW Ratecard value" library="KEYWORD_GRPGPPT">
<arg>${expected}</arg>
<kw name="Get Element Attribute" library="SEL">
<var>${actual_value}</var>
<arg>${PAGE_GPPT_ADDPRODUCTOPTION['TextBox_UWRateCard']}</arg>
<arg>value</arg>
<doc>Returns the value of ``attribute`` from the element ``locator``.</doc>
<msg timestamp="20210923 16:52:19.536" level="INFO">${actual_value} = </msg>
<status status="PASS" starttime="20210923 16:52:19.522" endtime="20210923 16:52:19.536"/>
</kw>
<kw name="Should Be Equal As Strings" library="BIN">
<arg>${actual_value}</arg>
<arg>${expected}</arg>
<doc>Fails if objects are unequal after converting them to strings.</doc>
<msg timestamp="20210923 16:52:19.537" level="FAIL"> != UW Ngati Whatua Orakei Health Insurance nil xs</msg>
<status status="FAIL" starttime="20210923 16:52:19.536" endtime="20210923 16:52:19.537"/>
</kw>
<status status="FAIL" starttime="20210923 16:52:19.520" endtime="20210923 16:52:19.537"/>
</kw>
<kw name="Get UW Ratecard value" library="KEYWORD_GRPGPPT">
<arg>${expected}</arg>
<kw name="Get Element Attribute" library="SEL">
<var>${actual_value}</var>
<arg>${PAGE_GPPT_ADDPRODUCTOPTION['TextBox_UWRateCard']}</arg>
<arg>value</arg>
<doc>Returns the value of ``attribute`` from the element ``locator``.</doc>
<msg timestamp="20210923 16:52:19.753" level="INFO">${actual_value} = </msg>
<status status="PASS" starttime="20210923 16:52:19.740" endtime="20210923 16:52:19.753"/>
</kw>
<kw name="Should Be Equal As Strings" library="BIN">
<arg>${actual_value}</arg>
<arg>${expected}</arg>
<doc>Fails if objects are unequal after converting them to strings.</doc>
<msg timestamp="20210923 16:52:19.753" level="FAIL"> != UW Ngati Whatua Orakei Health Insurance nil xs</msg>
<status status="FAIL" starttime="20210923 16:52:19.753" endtime="20210923 16:52:19.753"/>
</kw>
<status status="FAIL" starttime="20210923 16:52:19.740" endtime="20210923 16:52:19.754"/>
</kw>
<kw name="Get UW Ratecard value" library="KEYWORD_GRPGPPT">
<arg>${expected}</arg>
<kw name="Get Element Attribute" library="SEL">
<var>${actual_value}</var>
<arg>${PAGE_GPPT_ADDPRODUCTOPTION['TextBox_UWRateCard']}</arg>
<arg>value</arg>
<doc>Returns the value of ``attribute`` from the element ``locator``.</doc>
<msg timestamp="20210923 16:52:19.974" level="INFO">${actual_value} = </msg>
<status status="PASS" starttime="20210923 16:52:19.962" endtime="20210923 16:52:19.974"/>
</kw>
<kw name="Should Be Equal As Strings" library="BIN">
<arg>${actual_value}</arg>
<arg>${expected}</arg>
<doc>Fails if objects are unequal after converting them to strings.</doc>
<msg timestamp="20210923 16:52:19.975" level="FAIL"> != UW Ngati Whatua Orakei Health Insurance nil xs</msg>
<status status="FAIL" starttime="20210923 16:52:19.975" endtime="20210923 16:52:19.975"/>
</kw>
<status status="FAIL" starttime="20210923 16:52:19.961" endtime="20210923 16:52:19.975"/>
</kw>
<kw name="Get UW Ratecard value" library="KEYWORD_GRPGPPT">
<arg>${expected}</arg>
<kw name="Get Element Attribute" library="SEL">
<var>${actual_value}</var>
<arg>${PAGE_GPPT_ADDPRODUCTOPTION['TextBox_UWRateCard']}</arg>
<arg>value</arg>
<doc>Returns the value of ``attribute`` from the element ``locator``.</doc>
<msg timestamp="20210923 16:52:20.194" level="INFO">${actual_value} = </msg>
<status status="PASS" starttime="20210923 16:52:20.181" endtime="20210923 16:52:20.194"/>
</kw>
<kw name="Should Be Equal As Strings" library="BIN">
<arg>${actual_value}</arg>
<arg>${expected}</arg>
<doc>Fails if objects are unequal after converting them to strings.</doc>
<msg timestamp="20210923 16:52:20.195" level="FAIL"> != UW Ngati Whatua Orakei Health Insurance nil xs</msg>
<status status="FAIL" starttime="20210923 16:52:20.194" endtime="20210923 16:52:20.195"/>
</kw>
<status status="FAIL" starttime="20210923 16:52:20.181" endtime="20210923 16:52:20.195"/>
</kw>
<kw name="Get UW Ratecard value" library="KEYWORD_GRPGPPT">
<arg>${expected}</arg>
<kw name="Get Element Attribute" library="SEL">
<var>${actual_value}</var>
<arg>${PAGE_GPPT_ADDPRODUCTOPTION['TextBox_UWRateCard']}</arg>
<arg>value</arg>
<doc>Returns the value of ``attribute`` from the element ``locator``.</doc>
<msg timestamp="20210923 16:52:20.412" level="INFO">${actual_value} = </msg>
<status status="PASS" starttime="20210923 16:52:20.400" endtime="20210923 16:52:20.412"/>
</kw>
<kw name="Should Be Equal As Strings" library="BIN">
<arg>${actual_value}</arg>
<arg>${expected}</arg>
<doc>Fails if objects are unequal after converting them to strings.</doc>
<msg timestamp="20210923 16:52:20.413" level="FAIL"> != UW Ngati Whatua Orakei Health Insurance nil xs</msg>
<status status="FAIL" starttime="20210923 16:52:20.413" endtime="20210923 16:52:20.413"/>
</kw>
<status status="FAIL" starttime="20210923 16:52:20.399" endtime="20210923 16:52:20.413"/>
</kw>
<kw name="Get UW Ratecard value" library="KEYWORD_GRPGPPT">
<arg>${expected}</arg>
<kw name="Get Element Attribute" library="SEL">
<var>${actual_value}</var>
<arg>${PAGE_GPPT_ADDPRODUCTOPTION['TextBox_UWRateCard']}</arg>
<arg>value</arg>
<doc>Returns the value of ``attribute`` from the element ``locator``.</doc>
<msg timestamp="20210923 16:52:20.633" level="INFO">${actual_value} = </msg>
<status status="PASS" starttime="20210923 16:52:20.621" endtime="20210923 16:52:20.633"/>
</kw>
<kw name="Should Be Equal As Strings" library="BIN">
<arg>${actual_value}</arg>
<arg>${expected}</arg>
<doc>Fails if objects are unequal after converting them to strings.</doc>
<msg timestamp="20210923 16:52:20.634" level="FAIL"> != UW Ngati Whatua Orakei Health Insurance nil xs</msg>
<status status="FAIL" starttime="20210923 16:52:20.634" endtime="20210923 16:52:20.634"/>
</kw>
<status status="FAIL" starttime="20210923 16:52:20.620" endtime="20210923 16:52:20.634"/>
</kw>
<kw name="Get UW Ratecard value" library="KEYWORD_GRPGPPT">
<arg>${expected}</arg>
<kw name="Get Element Attribute" library="SEL">
<var>${actual_value}</var>
<arg>${PAGE_GPPT_ADDPRODUCTOPTION['TextBox_UWRateCard']}</arg>
<arg>value</arg>
<doc>Returns the value of ``attribute`` from the element ``locator``.</doc>
<msg timestamp="20210923 16:52:20.853" level="INFO">${actual_value} = </msg>
<status status="PASS" starttime="20210923 16:52:20.841" endtime="20210923 16:52:20.853"/>
</kw>
<kw name="Should Be Equal As Strings" library="BIN">
<arg>${actual_value}</arg>
<arg>${expected}</arg>
<doc>Fails if objects are unequal after converting them to strings.</doc>
<msg timestamp="20210923 16:52:20.854" level="FAIL"> != UW Ngati Whatua Orakei Health Insurance nil xs</msg>
<status status="FAIL" starttime="20210923 16:52:20.853" endtime="20210923 16:52:20.854"/>
</kw>
<status status="FAIL" starttime="20210923 16:52:20.840" endtime="20210923 16:52:20.854"/>
</kw>
<kw name="Get UW Ratecard value" library="KEYWORD_GRPGPPT">
<arg>${expected}</arg>
<kw name="Get Element Attribute" library="SEL">
<var>${actual_value}</var>
<arg>${PAGE_GPPT_ADDPRODUCTOPTION['TextBox_UWRateCard']}</arg>
<arg>value</arg>
<doc>Returns the value of ``attribute`` from the element ``locator``.</doc>
<msg timestamp="20210923 16:52:21.076" level="INFO">${actual_value} = </msg>
<status status="PASS" starttime="20210923 16:52:21.063" endtime="20210923 16:52:21.076"/>
</kw>
<kw name="Should Be Equal As Strings" library="BIN">
<arg>${actual_value}</arg>
<arg>${expected}</arg>
<doc>Fails if objects are unequal after converting them to strings.</doc>
<msg timestamp="20210923 16:52:21.076" level="FAIL"> != UW Ngati Whatua Orakei Health Insurance nil xs</msg>
<status status="FAIL" starttime="20210923 16:52:21.076" endtime="20210923 16:52:21.077"/>
</kw>
<status status="FAIL" starttime="20210923 16:52:21.062" endtime="20210923 16:52:21.077"/>
</kw>
<kw name="Get UW Ratecard value" library="KEYWORD_GRPGPPT">
<arg>${expected}</arg>
<kw name="Get Element Attribute" library="SEL">
<var>${actual_value}</var>
<arg>${PAGE_GPPT_ADDPRODUCTOPTION['TextBox_UWRateCard']}</arg>
<arg>value</arg>
<doc>Returns the value of ``attribute`` from the element ``locator``.</doc>
<msg timestamp="20210923 16:52:21.298" level="INFO">${actual_value} = </msg>
<status status="PASS" starttime="20210923 16:52:21.284" endtime="20210923 16:52:21.298"/>
</kw>
<kw name="Should Be Equal As Strings" library="BIN">
<arg>${actual_value}</arg>
<arg>${expected}</arg>
<doc>Fails if objects are unequal after converting them to strings.</doc>
<msg timestamp="20210923 16:52:21.299" level="FAIL"> != UW Ngati Whatua Orakei Health Insurance nil xs</msg>
<status status="FAIL" starttime="20210923 16:52:21.298" endtime="20210923 16:52:21.299"/>
</kw>
<status status="FAIL" starttime="20210923 16:52:21.283" endtime="20210923 16:52:21.299"/>
</kw>
<kw name="Get UW Ratecard value" library="KEYWORD_GRPGPPT">
<arg>${expected}</arg>
<kw name="Get Element Attribute" library="SEL">
<var>${actual_value}</var>
<arg>${PAGE_GPPT_ADDPRODUCTOPTION['TextBox_UWRateCard']}</arg>
<arg>value</arg>
<doc>Returns the value of ``attribute`` from the element ``locator``.</doc>
<msg timestamp="20210923 16:52:21.518" level="INFO">${actual_value} = </msg>
<status status="PASS" starttime="20210923 16:52:21.505" endtime="20210923 16:52:21.518"/>
</kw>
<kw name="Should Be Equal As Strings" library="BIN">
<arg>${actual_value}</arg>
<arg>${expected}</arg>
<doc>Fails if objects are unequal after converting them to strings.</doc>
<msg timestamp="20210923 16:52:21.518" level="FAIL"> != UW Ngati Whatua Orakei Health Insurance nil xs</msg>
<status status="FAIL" starttime="20210923 16:52:21.518" endtime="20210923 16:52:21.518"/>
</kw>
<status status="FAIL" starttime="20210923 16:52:21.504" endtime="20210923 16:52:21.519"/>
</kw>
<kw name="Get UW Ratecard value" library="KEYWORD_GRPGPPT">
<arg>${expected}</arg>
<kw name="Get Element Attribute" library="SEL">
<var>${actual_value}</var>
<arg>${PAGE_GPPT_ADDPRODUCTOPTION['TextBox_UWRateCard']}</arg>
<arg>value</arg>
<doc>Returns the value of ``attribute`` from the element ``locator``.</doc>
<msg timestamp="20210923 16:52:21.741" level="INFO">${actual_value} = </msg>
<status status="PASS" starttime="20210923 16:52:21.724" endtime="20210923 16:52:21.741"/>
</kw>
<kw name="Should Be Equal As Strings" library="BIN">
<arg>${actual_value}</arg>
<arg>${expected}</arg>
<doc>Fails if objects are unequal after converting them to strings.</doc>
<msg timestamp="20210923 16:52:21.742" level="FAIL"> != UW Ngati Whatua Orakei Health Insurance nil xs</msg>
<status status="FAIL" starttime="20210923 16:52:21.741" endtime="20210923 16:52:21.742"/>
</kw>
<status status="FAIL" starttime="20210923 16:52:21.723" endtime="20210923 16:52:21.742"/>
</kw>
<kw name="Get UW Ratecard value" library="KEYWORD_GRPGPPT">
<arg>${expected}</arg>
<kw name="Get Element Attribute" library="SEL">
<var>${actual_value}</var>
<arg>${PAGE_GPPT_ADDPRODUCTOPTION['TextBox_UWRateCard']}</arg>
<arg>value</arg>
<doc>Returns the value of ``attribute`` from the element ``locator``.</doc>
<msg timestamp="20210923 16:52:21.960" level="INFO">${actual_value} = </msg>
<status status="PASS" starttime="20210923 16:52:21.944" endtime="20210923 16:52:21.960"/>
</kw>
<kw name="Should Be Equal As Strings" library="BIN">
<arg>${actual_value}</arg>
<arg>${expected}</arg>
<doc>Fails if objects are unequal after converting them to strings.</doc>
<msg timestamp="20210923 16:52:21.961" level="FAIL"> != UW Ngati Whatua Orakei Health Insurance nil xs</msg>
<status status="FAIL" starttime="20210923 16:52:21.961" endtime="20210923 16:52:21.961"/>
</kw>
<status status="FAIL" starttime="20210923 16:52:21.943" endtime="20210923 16:52:21.962"/>
</kw>
<kw name="Get UW Ratecard value" library="KEYWORD_GRPGPPT">
<arg>${expected}</arg>
<kw name="Get Element Attribute" library="SEL">
<var>${actual_value}</var>
<arg>${PAGE_GPPT_ADDPRODUCTOPTION['TextBox_UWRateCard']}</arg>
<arg>value</arg>
<doc>Returns the value of ``attribute`` from the element ``locator``.</doc>
<msg timestamp="20210923 16:52:22.179" level="INFO">${actual_value} = </msg>
<status status="PASS" starttime="20210923 16:52:22.166" endtime="20210923 16:52:22.179"/>
</kw>
<kw name="Should Be Equal As Strings" library="BIN">
<arg>${actual_value}</arg>
<arg>${expected}</arg>
<doc>Fails if objects are unequal after converting them to strings.</doc>
<msg timestamp="20210923 16:52:22.180" level="FAIL"> != UW Ngati Whatua Orakei Health Insurance nil xs</msg>
<status status="FAIL" starttime="20210923 16:52:22.179" endtime="20210923 16:52:22.180"/>
</kw>
<status status="FAIL" starttime="20210923 16:52:22.165" endtime="20210923 16:52:22.180"/>
</kw>
<kw name="Get UW Ratecard value" library="KEYWORD_GRPGPPT">
<arg>${expected}</arg>
<kw name="Get Element Attribute" library="SEL">
<var>${actual_value}</var>
<arg>${PAGE_GPPT_ADDPRODUCTOPTION['TextBox_UWRateCard']}</arg>
<arg>value</arg>
<doc>Returns the value of ``attribute`` from the element ``locator``.</doc>
<msg timestamp="20210923 16:52:22.402" level="INFO">${actual_value} = </msg>
<status status="PASS" starttime="20210923 16:52:22.386" endtime="20210923 16:52:22.402"/>
</kw>
<kw name="Should Be Equal As Strings" library="BIN">
<arg>${actual_value}</arg>
<arg>${expected}</arg>
<doc>Fails if objects are unequal after converting them to strings.</doc>
<msg timestamp="20210923 16:52:22.403" level="FAIL"> != UW Ngati Whatua Orakei Health Insurance nil xs</msg>
<status status="FAIL" starttime="20210923 16:52:22.403" endtime="20210923 16:52:22.403"/>
</kw>
<status status="FAIL" starttime="20210923 16:52:22.385" endtime="20210923 16:52:22.403"/>
</kw>
<kw name="Get UW Ratecard value" library="KEYWORD_GRPGPPT">
<arg>${expected}</arg>
<kw name="Get Element Attribute" library="SEL">
<var>${actual_value}</var>
<arg>${PAGE_GPPT_ADDPRODUCTOPTION['TextBox_UWRateCard']}</arg>
<arg>value</arg>
<doc>Returns the value of ``attribute`` from the element ``locator``.</doc>
<msg timestamp="20210923 16:52:22.618" level="INFO">${actual_value} = </msg>
<status status="PASS" starttime="20210923 16:52:22.606" endtime="20210923 16:52:22.618"/>
</kw>
<kw name="Should Be Equal As Strings" library="BIN">
<arg>${actual_value}</arg>
<arg>${expected}</arg>
<doc>Fails if objects are unequal after converting them to strings.</doc>
<msg timestamp="20210923 16:52:22.619" level="FAIL"> != UW Ngati Whatua Orakei Health Insurance nil xs</msg>
<status status="FAIL" starttime="20210923 16:52:22.618" endtime="20210923 16:52:22.619"/>
</kw>
<status status="FAIL" starttime="20210923 16:52:22.605" endtime="20210923 16:52:22.619"/>
</kw>
<kw name="Get UW Ratecard value" library="KEYWORD_GRPGPPT">
<arg>${expected}</arg>
<kw name="Get Element Attribute" library="SEL">
<var>${actual_value}</var>
<arg>${PAGE_GPPT_ADDPRODUCTOPTION['TextBox_UWRateCard']}</arg>
<arg>value</arg>
<doc>Returns the value of ``attribute`` from the element ``locator``.</doc>
<msg timestamp="20210923 16:52:22.838" level="INFO">${actual_value} = </msg>
<status status="PASS" starttime="20210923 16:52:22.825" endtime="20210923 16:52:22.838"/>
</kw>
<kw name="Should Be Equal As Strings" library="BIN">
<arg>${actual_value}</arg>
<arg>${expected}</arg>
<doc>Fails if objects are unequal after converting them to strings.</doc>
<msg timestamp="20210923 16:52:22.839" level="FAIL"> != UW Ngati Whatua Orakei Health Insurance nil xs</msg>
<status status="FAIL" starttime="20210923 16:52:22.838" endtime="20210923 16:52:22.839"/>
</kw>
<status status="FAIL" starttime="20210923 16:52:22.825" endtime="20210923 16:52:22.839"/>
</kw>
<kw name="Get UW Ratecard value" library="KEYWORD_GRPGPPT">
<arg>${expected}</arg>
<kw name="Get Element Attribute" library="SEL">
<var>${actual_value}</var>
<arg>${PAGE_GPPT_ADDPRODUCTOPTION['TextBox_UWRateCard']}</arg>
<arg>value</arg>
<doc>Returns the value of ``attribute`` from the element ``locator``.</doc>
<msg timestamp="20210923 16:52:23.061" level="INFO">${actual_value} = </msg>
<status status="PASS" starttime="20210923 16:52:23.044" endtime="20210923 16:52:23.061"/>
</kw>
<kw name="Should Be Equal As Strings" library="BIN">
<arg>${actual_value}</arg>
<arg>${expected}</arg>
<doc>Fails if objects are unequal after converting them to strings.</doc>
<msg timestamp="20210923 16:52:23.062" level="FAIL"> != UW Ngati Whatua Orakei Health Insurance nil xs</msg>
<status status="FAIL" starttime="20210923 16:52:23.061" endtime="20210923 16:52:23.062"/>
</kw>
<status status="FAIL" starttime="20210923 16:52:23.043" endtime="20210923 16:52:23.062"/>
</kw>
<kw name="Get UW Ratecard value" library="KEYWORD_GRPGPPT">
<arg>${expected}</arg>
<kw name="Get Element Attribute" library="SEL">
<var>${actual_value}</var>
<arg>${PAGE_GPPT_ADDPRODUCTOPTION['TextBox_UWRateCard']}</arg>
<arg>value</arg>
<doc>Returns the value of ``attribute`` from the element ``locator``.</doc>
<msg timestamp="20210923 16:52:23.292" level="INFO">${actual_value} = </msg>
<status status="PASS" starttime="20210923 16:52:23.278" endtime="20210923 16:52:23.292"/>
</kw>
<kw name="Should Be Equal As Strings" library="BIN">
<arg>${actual_value}</arg>
<arg>${expected}</arg>
<doc>Fails if objects are unequal after converting them to strings.</doc>
<msg timestamp="20210923 16:52:23.293" level="FAIL"> != UW Ngati Whatua Orakei Health Insurance nil xs</msg>
<status status="FAIL" starttime="20210923 16:52:23.293" endtime="20210923 16:52:23.294"/>
</kw>
<status status="FAIL" starttime="20210923 16:52:23.278" endtime="20210923 16:52:23.294"/>
</kw>
<kw name="Get UW Ratecard value" library="KEYWORD_GRPGPPT">
<arg>${expected}</arg>
<kw name="Get Element Attribute" library="SEL">
<var>${actual_value}</var>
<arg>${PAGE_GPPT_ADDPRODUCTOPTION['TextBox_UWRateCard']}</arg>
<arg>value</arg>
<doc>Returns the value of ``attribute`` from the element ``locator``.</doc>
<msg timestamp="20210923 16:52:23.515" level="INFO">${actual_value} = UW Ngati Whatua Orakei Health Insurance nil xs</msg>
<status status="PASS" starttime="20210923 16:52:23.499" endtime="20210923 16:52:23.515"/>
</kw>
<kw name="Should Be Equal As Strings" library="BIN">
<arg>${actual_value}</arg>
<arg>${expected}</arg>
<doc>Fails if objects are unequal after converting them to strings.</doc>
<status status="PASS" starttime="20210923 16:52:23.515" endtime="20210923 16:52:23.516"/>
</kw>
<status status="PASS" starttime="20210923 16:52:23.498" endtime="20210923 16:52:23.516"/>
</kw>
<status status="PASS" starttime="20210923 16:52:18.403" endtime="20210923 16:52:23.516"/>
</kw>
<status status="PASS" starttime="20210923 16:52:12.794" endtime="20210923 16:52:23.516"/>
</kw>
<kw name="Save Group Plan Product Option information" library="KEYWORD_GRPGPPT">
<kw name="Click Element" library="SEL">
<arg>${PAGE_GPPT_ADDPRODUCTOPTION['Button_Save']}</arg>
<doc>Click the element identified by ``locator``.</doc>
<msg timestamp="20210923 16:52:23.519" level="INFO">Clicking element 'xpath://a[@id='body:gpptProductOption:cm1']'.</msg>
<status status="PASS" starttime="20210923 16:52:23.517" endtime="20210923 16:52:33.047"/>
</kw>
<status status="PASS" starttime="20210923 16:52:23.517" endtime="20210923 16:52:33.048"/>
</kw>
<kw name="Validate display message" library="KEYWORD_GENERIC">
<arg>Saved Product Option</arg>
<kw name="Wait Until Element Is Not Visible" library="SEL">
<arg>${GENERIC_COMPONENTS['Image_Loading']}</arg>
<arg>60 s</arg>
<doc>Waits until the element ``locator`` is not visible.</doc>
<status status="PASS" starttime="20210923 16:52:33.049" endtime="20210923 16:52:33.983"/>
</kw>
<kw name="Wait Until Element Is Visible" library="SEL">
<arg>${GENERIC_COMPONENTS['ValidationMessage']}</arg>
<doc>Waits until the element ``locator`` is visible.</doc>
<status status="PASS" starttime="20210923 16:52:33.983" endtime="20210923 16:52:34.006"/>
</kw>
<kw name="Page Should Contain Element" library="SEL">
<arg>${GENERIC_COMPONENTS['ValidationMessage']}</arg>
<doc>Verifies that element ``locator`` is found on the current page.</doc>
<msg timestamp="20210923 16:52:34.016" level="INFO">Current page contains element 'xpath://ul[@id='header:errormsg']//span'.</msg>
<status status="PASS" starttime="20210923 16:52:34.007" endtime="20210923 16:52:34.016"/>
</kw>
<kw name="Page Should Contain" library="SEL">
<arg>${validation_msg}</arg>
<doc>Verifies that current page contains ``text``.</doc>
<msg timestamp="20210923 16:52:34.033" level="INFO">Current page contains text 'Saved Product Option'.</msg>
<status status="PASS" starttime="20210923 16:52:34.016" endtime="20210923 16:52:34.033"/>
</kw>
<status status="PASS" starttime="20210923 16:52:33.048" endtime="20210923 16:52:34.033"/>
</kw>
<kw name="Navigate to Group Plan Advisor" library="KEYWORD_GRPGPPT">
<kw name="Click Element" library="SEL">
<arg>${PAGE_GPPTSUMMARY_TABS['Tab_Advisors']}</arg>
<doc>Click the element identified by ``locator``.</doc>
<msg timestamp="20210923 16:52:34.035" level="INFO">Clicking element 'xpath://td[@id='body:advisorTab_headerCell']'.</msg>
<status status="PASS" starttime="20210923 16:52:34.034" endtime="20210923 16:52:42.675"/>
</kw>
<kw name="Wait Until Element Is Not Visible" library="SEL">
<arg>${GENERIC_COMPONENTS['Image_Loading']}</arg>
<doc>Waits until the element ``locator`` is not visible.</doc>
<status status="PASS" starttime="20210923 16:52:42.675" endtime="20210923 16:52:43.631"/>
</kw>
<status status="PASS" starttime="20210923 16:52:34.033" endtime="20210923 16:52:43.631"/>
</kw>
<kw name="Select Group Plan Advisor" library="KEYWORD_GRPGPPT">
<kw name="Click Element" library="SEL">
<arg>${PAGE_GPPTSUMMARY_ADVISORS['SearchIcon_Advisors']}</arg>
<doc>Click the element identified by ``locator``.</doc>
<msg timestamp="20210923 16:52:43.634" level="INFO">Clicking element 'xpath://a[@id='dataGrid:0:searchAdvisor']'.</msg>
<status status="PASS" starttime="20210923 16:52:43.632" endtime="20210923 16:52:48.859"/>
</kw>
<kw name="Wait Until Element Is Not Visible" library="SEL">
<arg>${GENERIC_COMPONENTS['Image_Loading']}</arg>
<doc>Waits until the element ``locator`` is not visible.</doc>
<status status="PASS" starttime="20210923 16:52:48.859" endtime="20210923 16:52:49.782"/>
</kw>
<kw name="Click Element" library="SEL">
<arg>${PAGE_ADVISORS['Link_AdvisorCode']}</arg>
<doc>Click the element identified by ``locator``.</doc>
<msg timestamp="20210923 16:52:49.784" level="INFO">Clicking element 'xpath://a[@id='body:j_id_jsp_2101016911_49j_id_0:grid:dataGrid:0:dynamicColumns:0_0:link']'.</msg>
<status status="PASS" starttime="20210923 16:52:49.783" endtime="20210923 16:52:57.056"/>
</kw>
<kw name="Wait Until Element Is Not Visible" library="SEL">
<arg>${GENERIC_COMPONENTS['Image_Loading']}</arg>
<doc>Waits until the element ``locator`` is not visible.</doc>
<status status="PASS" starttime="20210923 16:52:57.057" endtime="20210923 16:52:58.008"/>
</kw>
<status status="PASS" starttime="20210923 16:52:43.632" endtime="20210923 16:52:58.008"/>
</kw>
<kw name="Save Group Plan Advisor" library="KEYWORD_GRPGPPT">
<kw name="Click Element" library="SEL">
<arg>${PAGE_GPPTSUMMARY_ADVISORS['SaveIcon_Advisor']}</arg>
<doc>Click the element identified by ``locator``.</doc>
<msg timestamp="20210923 16:52:58.011" level="INFO">Clicking element 'xpath://tr[@class='grid-row-even']/td[11]/a'.</msg>
<status status="PASS" starttime="20210923 16:52:58.009" endtime="20210923 16:53:08.192"/>
</kw>
<status status="PASS" starttime="20210923 16:52:58.009" endtime="20210923 16:53:08.192"/>
</kw>
<kw name="Validate display message" library="KEYWORD_GENERIC">
<arg>Group Plan Advisor successfully saved</arg>
<kw name="Wait Until Element Is Not Visible" library="SEL">
<arg>${GENERIC_COMPONENTS['Image_Loading']}</arg>
<arg>60 s</arg>
<doc>Waits until the element ``locator`` is not visible.</doc>
<status status="PASS" starttime="20210923 16:53:08.193" endtime="20210923 16:53:09.132"/>
</kw>
<kw name="Wait Until Element Is Visible" library="SEL">
<arg>${GENERIC_COMPONENTS['ValidationMessage']}</arg>
<doc>Waits until the element ``locator`` is visible.</doc>
<status status="PASS" starttime="20210923 16:53:09.132" endtime="20210923 16:53:09.155"/>
</kw>
<kw name="Page Should Contain Element" library="SEL">
<arg>${GENERIC_COMPONENTS['ValidationMessage']}</arg>
<doc>Verifies that element ``locator`` is found on the current page.</doc>
<msg timestamp="20210923 16:53:09.164" level="INFO">Current page contains element 'xpath://ul[@id='header:errormsg']//span'.</msg>
<status status="PASS" starttime="20210923 16:53:09.155" endtime="20210923 16:53:09.164"/>
</kw>
<kw name="Page Should Contain" library="SEL">
<arg>${validation_msg}</arg>
<doc>Verifies that current page contains ``text``.</doc>
<msg timestamp="20210923 16:53:09.179" level="INFO">Current page contains text 'Group Plan Advisor successfully saved'.</msg>
<status status="PASS" starttime="20210923 16:53:09.164" endtime="20210923 16:53:09.179"/>
</kw>
<status status="PASS" starttime="20210923 16:53:08.192" endtime="20210923 16:53:09.179"/>
</kw>
<kw name="Navigate to Group Plan details" library="KEYWORD_GRPGPPT">
<kw name="Click Element" library="SEL">
<arg>${PAGE_GPPTSUMMARY_TABS['Tab_GroupPlan']}</arg>
<doc>Click the element identified by ``locator``.</doc>
<msg timestamp="20210923 16:53:09.181" level="INFO">Clicking element 'xpath://td[@id='body:planPolicyTypeTab_headerCell']'.</msg>
<status status="PASS" starttime="20210923 16:53:09.180" endtime="20210923 16:53:24.175"/>
</kw>
<kw name="Wait Until Element Is Not Visible" library="SEL">
<arg>${GENERIC_COMPONENTS['Image_Loading']}</arg>
<doc>Waits until the element ``locator`` is not visible.</doc>
<status status="PASS" starttime="20210923 16:53:24.176" endtime="20210923 16:53:25.126"/>
</kw>
<status status="PASS" starttime="20210923 16:53:09.180" endtime="20210923 16:53:25.127"/>
</kw>
<kw name="Set Group Plan to INFORCE" library="KEYWORD_GRPGPPT">
<kw name="Select From List By Value" library="SEL">
<arg>${PAGE_GPPTSUMMARY_GROUPPLAN['DropDown_ProductStatus']}</arg>
<arg>INFORCE</arg>
<doc>Selects options from selection list ``locator`` by ``values``.</doc>
<msg timestamp="20210923 16:53:25.131" level="INFO">Selecting options from selection list 'xpath://select[@id='body:planPolicyTypeTab:policyTypeList:groupPlanPolicyTypeFm:updatePlanPolicyTypeForm:groupPlanPolicyTypeStatus']' by value INFORCE.</msg>
<status status="PASS" starttime="20210923 16:53:25.129" endtime="20210923 16:53:25.203"/>
</kw>
<kw name="Click Element" library="SEL">
<arg>${PAGE_GPPTSUMMARY_GROUPPLAN['Button_Save']}</arg>
<doc>Click the element identified by ``locator``.</doc>
<msg timestamp="20210923 16:53:25.204" level="INFO">Clicking element 'xpath://a[@id='body:planPolicyTypeTab:policyTypeList:groupPlanPolicyTypeFm:saveGroupPlanBtn']'.</msg>
<status status="PASS" starttime="20210923 16:53:25.203" endtime="20210923 16:53:55.789"/>
</kw>
<status status="PASS" starttime="20210923 16:53:25.128" endtime="20210923 16:53:55.790"/>
</kw>
<kw name="Validate display message" library="KEYWORD_GENERIC">
<arg>Group plan saved</arg>
<kw name="Wait Until Element Is Not Visible" library="SEL">
<arg>${GENERIC_COMPONENTS['Image_Loading']}</arg>
<arg>60 s</arg>
<doc>Waits until the element ``locator`` is not visible.</doc>
<status status="PASS" starttime="20210923 16:53:55.791" endtime="20210923 16:53:56.738"/>
</kw>
<kw name="Wait Until Element Is Visible" library="SEL">
<arg>${GENERIC_COMPONENTS['ValidationMessage']}</arg>
<doc>Waits until the element ``locator`` is visible.</doc>
<status status="PASS" starttime="20210923 16:53:56.739" endtime="20210923 16:53:56.762"/>
</kw>
<kw name="Page Should Contain Element" library="SEL">
<arg>${GENERIC_COMPONENTS['ValidationMessage']}</arg>
<doc>Verifies that element ``locator`` is found on the current page.</doc>
<msg timestamp="20210923 16:53:56.771" level="INFO">Current page contains element 'xpath://ul[@id='header:errormsg']//span'.</msg>
<status status="PASS" starttime="20210923 16:53:56.762" endtime="20210923 16:53:56.772"/>
</kw>
<kw name="Page Should Contain" library="SEL">
<arg>${validation_msg}</arg>
<doc>Verifies that current page contains ``text``.</doc>
<msg timestamp="20210923 16:53:56.788" level="INFO">Current page contains text 'Group plan saved'.</msg>
<status status="PASS" starttime="20210923 16:53:56.772" endtime="20210923 16:53:56.788"/>
</kw>
<status status="PASS" starttime="20210923 16:53:55.790" endtime="20210923 16:53:56.788"/>
</kw>
<kw name="Cancel from Group Plan details" library="KEYWORD_GRPGPPT">
<kw name="Click Element" library="SEL">
<arg>${PAGE_GPPTSUMMARY_GROUPPLAN['Button_Cancel']}</arg>
<doc>Click the element identified by ``locator``.</doc>
<msg timestamp="20210923 16:53:56.790" level="INFO">Clicking element 'xpath://a[@id='body:planPolicyTypeTab:policyTypeList:groupPlanPolicyTypeFm:cancelChangeStatusBtn']'.</msg>
<status status="PASS" starttime="20210923 16:53:56.789" endtime="20210923 16:54:03.963"/>
</kw>
<kw name="Wait Until Element Is Not Visible" library="SEL">
<arg>${GENERIC_COMPONENTS['Image_Loading']}</arg>
<doc>Waits until the element ``locator`` is not visible.</doc>
<status status="PASS" starttime="20210923 16:54:03.963" endtime="20210923 16:54:04.889"/>
</kw>
<status status="PASS" starttime="20210923 16:53:56.789" endtime="20210923 16:54:04.889"/>
</kw>
<kw name="Navigate to Group details" library="KEYWORD_GRPSETUP">
<kw name="Click Element" library="SEL">
<arg>${PAGE_GROUPSUMMARY_TABS['Tab_Group']}</arg>
<doc>Click the element identified by ``locator``.</doc>
<msg timestamp="20210923 16:54:04.892" level="INFO">Clicking element 'xpath://td[@id='body:groupsTab_headerCell']'.</msg>
<status status="PASS" starttime="20210923 16:54:04.890" endtime="20210923 16:54:07.699"/>
</kw>
<kw name="Wait Until Element Is Not Visible" library="SEL">
<arg>${GENERIC_COMPONENTS['Image_Loading']}</arg>
<doc>Waits until the element ``locator`` is not visible.</doc>
<status status="PASS" starttime="20210923 16:54:07.699" endtime="20210923 16:54:08.617"/>
</kw>
<status status="PASS" starttime="20210923 16:54:04.889" endtime="20210923 16:54:08.617"/>
</kw>
<kw name="Click Change Status button" library="KEYWORD_GRPSETUP">
<kw name="Click Element" library="SEL">
<arg>${PAGE_GROUPSUMMARY_GROUP['Button_ChangeStatus']}</arg>
<doc>Click the element identified by ``locator``.</doc>
<msg timestamp="20210923 16:54:08.620" level="INFO">Clicking element 'xpath://a[@id='body:groupsTab:groupsFm:changeGroupStatusBtn']'.</msg>
<status status="PASS" starttime="20210923 16:54:08.619" endtime="20210923 16:54:11.335"/>
</kw>
<kw name="Wait Until Element Is Not Visible" library="SEL">
<arg>${GENERIC_COMPONENTS['Image_Loading']}</arg>
<doc>Waits until the element ``locator`` is not visible.</doc>
<status status="PASS" starttime="20210923 16:54:11.335" endtime="20210923 16:54:12.281"/>
</kw>
<status status="PASS" starttime="20210923 16:54:08.618" endtime="20210923 16:54:12.281"/>
</kw>
<kw name="Set Group Status to INFORCE" library="KEYWORD_GRPSETUP">
<kw name="Select From List By Value" library="SEL">
<arg>${PAGE_GROUPSTATUSCHANGE['DropDown_StatusTo']}</arg>
<arg>INFORCE</arg>
<doc>Selects options from selection list ``locator`` by ``values``.</doc>
<msg timestamp="20210923 16:54:12.284" level="INFO">Selecting options from selection list 'xpath://select[@id='body:mainForm:newGroupStatusInput']' by value INFORCE.</msg>
<status status="PASS" starttime="20210923 16:54:12.282" endtime="20210923 16:54:12.351"/>
</kw>
<kw name="Click Element" library="SEL">
<arg>${PAGE_GROUPSTATUSCHANGE['Button_Save']}</arg>
<doc>Click the element identified by ``locator``.</doc>
<msg timestamp="20210923 16:54:12.353" level="INFO">Clicking element 'xpath://a[@id='body:mainForm:saveChangeGroupStatusBtn']'.</msg>
<status status="PASS" starttime="20210923 16:54:12.351" endtime="20210923 16:54:12.400"/>
</kw>
<kw name="Handle Alert" library="SEL">
<arg>action=ACCEPT</arg>
<doc>Handles the current alert and returns its message.</doc>
<msg timestamp="20210923 16:54:12.401" level="INFO">HANDLE::&lt;class 'NoneType'&gt;::None</msg>
<status status="PASS" starttime="20210923 16:54:12.401" endtime="20210923 16:54:12.407"/>
</kw>
<status status="PASS" starttime="20210923 16:54:12.282" endtime="20210923 16:54:12.407"/>
</kw>
<kw name="Validate display message" library="KEYWORD_GENERIC">
<arg>Groups saved</arg>
<kw name="Wait Until Element Is Not Visible" library="SEL">
<arg>${GENERIC_COMPONENTS['Image_Loading']}</arg>
<arg>60 s</arg>
<doc>Waits until the element ``locator`` is not visible.</doc>
<status status="PASS" starttime="20210923 16:54:12.411" endtime="20210923 16:54:15.943"/>
</kw>
<kw name="Wait Until Element Is Visible" library="SEL">
<arg>${GENERIC_COMPONENTS['ValidationMessage']}</arg>
<doc>Waits until the element ``locator`` is visible.</doc>
<status status="PASS" starttime="20210923 16:54:15.944" endtime="20210923 16:54:15.968"/>
</kw>
<kw name="Page Should Contain Element" library="SEL">
<arg>${GENERIC_COMPONENTS['ValidationMessage']}</arg>
<doc>Verifies that element ``locator`` is found on the current page.</doc>
<msg timestamp="20210923 16:54:15.977" level="INFO">Current page contains element 'xpath://ul[@id='header:errormsg']//span'.</msg>
<status status="PASS" starttime="20210923 16:54:15.968" endtime="20210923 16:54:15.977"/>
</kw>
<kw name="Page Should Contain" library="SEL">
<arg>${validation_msg}</arg>
<doc>Verifies that current page contains ``text``.</doc>
<msg timestamp="20210923 16:54:15.993" level="INFO">Current page contains text 'Groups saved'.</msg>
<status status="PASS" starttime="20210923 16:54:15.978" endtime="20210923 16:54:15.994"/>
</kw>
<status status="PASS" starttime="20210923 16:54:12.410" endtime="20210923 16:54:15.994"/>
</kw>
<kw name="Navigate to Membership&gt;Group" library="KEYWORD_MEMBERSHIP">
<kw name="Wait Until Element Is Not Visible" library="SEL">
<arg>${GENERIC_COMPONENTS['Image_Loading']}</arg>
<doc>Waits until the element ``locator`` is not visible.</doc>
<status status="PASS" starttime="20210923 16:54:15.995" endtime="20210923 16:54:16.015"/>
</kw>
<kw name="Mouse Over" library="SEL">
<arg>${GENERIC_COMPONENTS['MenuItem_Memberships']}</arg>
<doc>Simulates hovering the mouse over the element ``locator``.</doc>
<msg timestamp="20210923 16:54:16.017" level="INFO">Simulating Mouse Over on element 'xpath://div[@id='header_j_id_jsp_1924074943_1j_id_0_navMenu_menu']//descendant::td[2]/span[2]'.</msg>
<status status="PASS" starttime="20210923 16:54:16.016" endtime="20210923 16:54:16.298"/>
</kw>
<kw name="Wait Until Element Is Visible" library="SEL">
<arg>${GENERIC_COMPONENTS['SubMenuItem_Membership']}</arg>
<doc>Waits until the element ``locator`` is visible.</doc>
<status status="PASS" starttime="20210923 16:54:16.298" endtime="20210923 16:54:16.324"/>
</kw>
<kw name="Mouse Over" library="SEL">
<arg>${GENERIC_COMPONENTS['SubMenuItem_Membership']}</arg>
<doc>Simulates hovering the mouse over the element ``locator``.</doc>
<msg timestamp="20210923 16:54:16.326" level="INFO">Simulating Mouse Over on element 'xpath://div[@id='cmSubMenuID3']//tr[2]/td[2]'.</msg>
<status status="PASS" starttime="20210923 16:54:16.325" endtime="20210923 16:54:16.594"/>
</kw>
<kw name="Wait Until Element Is Visible" library="SEL">
<arg>${GENERIC_COMPONENTS['SubMenuItem_GrpMembership']}</arg>
<doc>Waits until the element ``locator`` is visible.</doc>
<status status="PASS" starttime="20210923 16:54:16.594" endtime="20210923 16:54:16.616"/>
</kw>
<kw name="Click Element" library="SEL">
<arg>${GENERIC_COMPONENTS['SubMenuItem_GrpMembership']}</arg>
<doc>Click the element identified by ``locator``.</doc>
[...]
</kw>
<kw name="Click Element" library="SEL">
<arg>${GENERIC_COMPONENTS['SubMenuItem_PaymentRun']}</arg>
<doc>Click the element identified by ``locator``.</doc>
<msg timestamp="20210923 17:03:12.665" level="INFO">Clicking element 'xpath://div[@id='cmSubMenuID12']//tr[7]/td[2]'.</msg>
<status status="PASS" starttime="20210923 17:03:12.664" endtime="20210923 17:03:15.670"/>
</kw>
<kw name="Wait Until Element Is Not Visible" library="SEL">
<arg>${GENERIC_COMPONENTS['Image_Loading']}</arg>
<doc>Waits until the element ``locator`` is not visible.</doc>
<status status="PASS" starttime="20210923 17:03:15.670" endtime="20210923 17:03:16.600"/>
</kw>
<status status="PASS" starttime="20210923 17:03:12.340" endtime="20210923 17:03:16.600"/>
</kw>
<kw name="Click Payment Run New Button" library="KEYWORD_PAYMENTRUN">
<kw name="Click Element" library="SEL">
<arg>${PAGE_PAYMENTRUN['Button_New']}</arg>
<doc>Click the element identified by ``locator``.</doc>
<msg timestamp="20210923 17:03:16.603" level="INFO">Clicking element 'xpath://div[@id='body:mainForm:j_id_jsp_1971845684_66j_id_0']//td[2]/a'.</msg>
<status status="PASS" starttime="20210923 17:03:16.601" endtime="20210923 17:03:18.867"/>
</kw>
<status status="PASS" starttime="20210923 17:03:16.601" endtime="20210923 17:03:18.867"/>
</kw>
<kw name="Provide Payment Run information" library="KEYWORD_PAYMENTRUN">
<arg>CLAIM</arg>
<arg>10</arg>
<arg>100</arg>
<kw name="Wait Until Element Is Not Visible" library="SEL">
<arg>${GENERIC_COMPONENTS['Image_Loading']}</arg>
<doc>Waits until the element ``locator`` is not visible.</doc>
<status status="PASS" starttime="20210923 17:03:18.869" endtime="20210923 17:03:19.781"/>
</kw>
<kw name="Select From List By Value" library="SEL">
<arg>${PAGE_NEWPAYMENTRUN['DropDown_PaymentCategory']}</arg>
<arg>${paymentCat}</arg>
<doc>Selects options from selection list ``locator`` by ``values``.</doc>
<msg timestamp="20210923 17:03:19.782" level="INFO">Selecting options from selection list 'xpath://select[@id='body:mainForm:insertPaymentRunForm:paymentCategory']' by value CLAIM.</msg>
<status status="PASS" starttime="20210923 17:03:19.781" endtime="20210923 17:03:19.860"/>
</kw>
<kw name="Wait Until Element Is Visible" library="SEL">
<arg>${PAGE_NEWPAYMENTRUN['TextBox_ClaimNumbers']}</arg>
<doc>Waits until the element ``locator`` is visible.</doc>
<status status="PASS" starttime="20210923 17:03:19.861" endtime="20210923 17:03:20.316"/>
</kw>
<kw name="Select From List By Value" library="SEL">
<arg>${PAGE_NEWPAYMENTRUN['DropDown_Underwriter']}</arg>
<arg>${uw}</arg>
<doc>Selects options from selection list ``locator`` by ``values``.</doc>
<msg timestamp="20210923 17:03:20.318" level="INFO">Selecting options from selection list 'xpath://select[@id='body:mainForm:insertPaymentRunForm:underwriterInsert']' by value 10.</msg>
<status status="PASS" starttime="20210923 17:03:20.316" endtime="20210923 17:03:20.390"/>
</kw>
<kw name="Select From List By Value" library="SEL">
<arg>${PAGE_NEWPAYMENTRUN['DropDown_BankAccount']}</arg>
<arg>${bankAcc}</arg>
<doc>Selects options from selection list ``locator`` by ``values``.</doc>
<msg timestamp="20210923 17:03:20.392" level="INFO">Selecting options from selection list 'xpath://select[@id='body:mainForm:insertPaymentRunForm:bankAccount']' by value 100.</msg>
<status status="PASS" starttime="20210923 17:03:20.390" endtime="20210923 17:03:20.476"/>
</kw>
<kw name="Click Element" library="SEL">
<arg>${PAGE_NEWPAYMENTRUN['Button_Save']}</arg>
<doc>Click the element identified by ``locator``.</doc>
<msg timestamp="20210923 17:03:20.478" level="INFO">Clicking element 'xpath://td[@id='body:mainForm:j_id_jsp_2084960822_14j_id_0']//a'.</msg>
<status status="PASS" starttime="20210923 17:03:20.477" endtime="20210923 17:03:22.819"/>
</kw>
<kw name="Wait Until Element Is Not Visible" library="SEL">
<arg>${GENERIC_COMPONENTS['Image_Loading']}</arg>
<doc>Waits until the element ``locator`` is not visible.</doc>
<status status="PASS" starttime="20210923 17:03:22.819" endtime="20210923 17:03:23.741"/>
</kw>
<status status="PASS" starttime="20210923 17:03:18.868" endtime="20210923 17:03:23.741"/>
</kw>
<kw name="Process Payment Run" library="KEYWORD_PAYMENTRUN">
<kw name="Repeat Keyword" library="BIN">
<arg>4 times</arg>
<arg>Payment Run Job</arg>
<doc>Executes the specified keyword multiple times.</doc>
<msg timestamp="20210923 17:03:23.743" level="INFO">Repeating keyword, round 1/4.</msg>
<kw name="Payment Run Job" library="KEYWORD_PAYMENTRUN">
<kw name="Wait Until Element Is Visible" library="SEL">
<arg>${PAGE_PAYMENTRUN_TABS['TextBox_Status']}</arg>
<arg>60s</arg>
<doc>Waits until the element ``locator`` is visible.</doc>
<status status="PASS" starttime="20210923 17:03:23.743" endtime="20210923 17:03:23.772"/>
</kw>
<kw name="Get Element Attribute" library="SEL">
<var>${status}</var>
<arg>${PAGE_PAYMENTRUN_TABS['TextBox_Status']}</arg>
<arg>value</arg>
<doc>Returns the value of ``attribute`` from the element ``locator``.</doc>
<msg timestamp="20210923 17:03:23.788" level="INFO">${status} = SELECTING</msg>
<status status="PASS" starttime="20210923 17:03:23.772" endtime="20210923 17:03:23.788"/>
</kw>
<kw name="Run Keyword If" library="BIN">
<arg>'${status}' == 'SELECTED'</arg>
<arg>Authorize claims payment run</arg>
<arg>ELSE IF</arg>
<arg>'${status}' == 'AUTHORISED'</arg>
<arg>Generate Format</arg>
<arg>ELSE IF</arg>
<arg>'${status}' == 'FORMATTED'</arg>
<arg>Confirm Payment run</arg>
<arg>ELSE IF</arg>
<arg>'${status}' == 'CONFIRMED'</arg>
<arg>Check Review</arg>
<arg>ELSE</arg>
<arg>Click Refresh</arg>
<doc>Runs the given keyword with the given arguments, if ``condition`` is true.</doc>
<kw name="Click Refresh" library="KEYWORD_PAYMENTRUN">
<kw name="Click Element" library="SEL">
<arg>${PAGE_PAYMENTRUN_TABS['Button_Refresh']}</arg>
<doc>Click the element identified by ``locator``.</doc>
<msg timestamp="20210923 17:03:23.792" level="INFO">Clicking element 'xpath://td[@id='body:mainForm:j_id_jsp_376848660_19j_id_0']//a'.</msg>
<status status="PASS" starttime="20210923 17:03:23.790" endtime="20210923 17:03:26.421"/>
</kw>
<kw name="Wait Until Element Is Not Visible" library="SEL">
<arg>${GENERIC_COMPONENTS['Image_Loading']}</arg>
<doc>Waits until the element ``locator`` is not visible.</doc>
<status status="PASS" starttime="20210923 17:03:26.421" endtime="20210923 17:03:27.339"/>
</kw>
<status status="PASS" starttime="20210923 17:03:23.790" endtime="20210923 17:03:27.340"/>
</kw>
<status status="PASS" starttime="20210923 17:03:23.788" endtime="20210923 17:03:27.340"/>
</kw>
<status status="PASS" starttime="20210923 17:03:23.743" endtime="20210923 17:03:27.340"/>
</kw>
<msg timestamp="20210923 17:03:27.340" level="INFO">Repeating keyword, round 2/4.</msg>
<kw name="Payment Run Job" library="KEYWORD_PAYMENTRUN">
<kw name="Wait Until Element Is Visible" library="SEL">
<arg>${PAGE_PAYMENTRUN_TABS['TextBox_Status']}</arg>
<arg>60s</arg>
<doc>Waits until the element ``locator`` is visible.</doc>
<status status="PASS" starttime="20210923 17:03:27.341" endtime="20210923 17:03:27.362"/>
</kw>
<kw name="Get Element Attribute" library="SEL">
<var>${status}</var>
<arg>${PAGE_PAYMENTRUN_TABS['TextBox_Status']}</arg>
<arg>value</arg>
<doc>Returns the value of ``attribute`` from the element ``locator``.</doc>
<msg timestamp="20210923 17:03:27.377" level="INFO">${status} = SELECTED</msg>
<status status="PASS" starttime="20210923 17:03:27.362" endtime="20210923 17:03:27.377"/>
</kw>
<kw name="Run Keyword If" library="BIN">
<arg>'${status}' == 'SELECTED'</arg>
<arg>Authorize claims payment run</arg>
<arg>ELSE IF</arg>
<arg>'${status}' == 'AUTHORISED'</arg>
<arg>Generate Format</arg>
<arg>ELSE IF</arg>
<arg>'${status}' == 'FORMATTED'</arg>
<arg>Confirm Payment run</arg>
<arg>ELSE IF</arg>
<arg>'${status}' == 'CONFIRMED'</arg>
<arg>Check Review</arg>
<arg>ELSE</arg>
<arg>Click Refresh</arg>
<doc>Runs the given keyword with the given arguments, if ``condition`` is true.</doc>
<kw name="Authorize claims payment run" library="KEYWORD_PAYMENTRUN">
<kw name="Click Element" library="SEL">
<arg>${PAGE_PAYMENTRUN_TABS['Tab_Authorise']}</arg>
<doc>Click the element identified by ``locator``.</doc>
<msg timestamp="20210923 17:03:27.380" level="INFO">Clicking element 'xpath://input[@name='body:j_id_jsp_376848660_27j_id_0.1']'.</msg>
<status status="PASS" starttime="20210923 17:03:27.379" endtime="20210923 17:03:30.916"/>
</kw>
<kw name="Wait Until Element Is Not Visible" library="SEL">
<arg>${GENERIC_COMPONENTS['Image_Loading']}</arg>
<doc>Waits until the element ``locator`` is not visible.</doc>
<status status="PASS" starttime="20210923 17:03:30.917" endtime="20210923 17:03:31.824"/>
</kw>
<kw name="Scroll Down" library="KEYWORD_GENERIC">
<kw name="Execute Javascript" library="SEL">
<arg>window.scrollBy(900, 900);</arg>
<doc>Executes the given JavaScript code with possible arguments.</doc>
<msg timestamp="20210923 17:03:31.825" level="INFO">Executing JavaScript:
window.scrollBy(900, 900);
Without any arguments.</msg>
<status status="PASS" starttime="20210923 17:03:31.824" endtime="20210923 17:03:31.829"/>
</kw>
<status status="PASS" starttime="20210923 17:03:31.824" endtime="20210923 17:03:31.830"/>
</kw>
<kw name="Wait Until Element Is Visible" library="SEL">
<arg>${PAGE_PAYMENTRUN_AUTHORISE['Button_ApproveAuthorise']}</arg>
<doc>Waits until the element ``locator`` is visible.</doc>
<status status="PASS" starttime="20210923 17:03:31.830" endtime="20210923 17:03:31.854"/>
</kw>
<kw name="Click Element" library="SEL">
<arg>${PAGE_PAYMENTRUN_AUTHORISE['Button_ApproveAuthorise']}</arg>
<doc>Click the element identified by ``locator``.</doc>
<msg timestamp="20210923 17:03:31.855" level="INFO">Clicking element 'xpath://div[@id='body:j_id_jsp_376848660_38j_id_0:aothoriseFrm:j_id_jsp_376848660_45j_id_0']//td[1]//a[1]'.</msg>
<status status="PASS" starttime="20210923 17:03:31.854" endtime="20210923 17:03:34.608"/>
</kw>
<kw name="Scroll Down" library="KEYWORD_GENERIC">
<kw name="Execute Javascript" library="SEL">
<arg>window.scrollBy(900, 900);</arg>
<doc>Executes the given JavaScript code with possible arguments.</doc>
<msg timestamp="20210923 17:03:34.609" level="INFO">Executing JavaScript:
window.scrollBy(900, 900);
Without any arguments.</msg>
<status status="PASS" starttime="20210923 17:03:34.608" endtime="20210923 17:03:34.613"/>
</kw>
<status status="PASS" starttime="20210923 17:03:34.608" endtime="20210923 17:03:34.614"/>
</kw>
<kw name="Wait Until Element Is Not Visible" library="SEL">
<arg>${GENERIC_COMPONENTS['Image_Loading']}</arg>
<doc>Waits until the element ``locator`` is not visible.</doc>
<status status="PASS" starttime="20210923 17:03:34.614" endtime="20210923 17:03:35.537"/>
</kw>
<kw name="Wait Until Element Is Visible" library="SEL">
<arg>${PAGE_PAYMENTRUN_AUTHORISE['Button_ApproveAuthorise']}</arg>
<doc>Waits until the element ``locator`` is visible.</doc>
<status status="PASS" starttime="20210923 17:03:35.537" endtime="20210923 17:03:35.559"/>
</kw>
<kw name="Click Element" library="SEL">
<arg>${PAGE_PAYMENTRUN_AUTHORISE['Button_ApproveAuthorise']}</arg>
<doc>Click the element identified by ``locator``.</doc>
<msg timestamp="20210923 17:03:35.561" level="INFO">Clicking element 'xpath://div[@id='body:j_id_jsp_376848660_38j_id_0:aothoriseFrm:j_id_jsp_376848660_45j_id_0']//td[1]//a[1]'.</msg>
<status status="PASS" starttime="20210923 17:03:35.559" endtime="20210923 17:03:38.147"/>
</kw>
<kw name="Wait Until Element Is Not Visible" library="SEL">
<arg>${GENERIC_COMPONENTS['Image_Loading']}</arg>
<doc>Waits until the element ``locator`` is not visible.</doc>
<status status="PASS" starttime="20210923 17:03:38.147" endtime="20210923 17:03:39.086"/>
</kw>
<status status="PASS" starttime="20210923 17:03:27.378" endtime="20210923 17:03:39.086"/>
</kw>
<status status="PASS" starttime="20210923 17:03:27.378" endtime="20210923 17:03:39.086"/>
</kw>
<status status="PASS" starttime="20210923 17:03:27.340" endtime="20210923 17:03:39.086"/>
</kw>
<msg timestamp="20210923 17:03:39.087" level="INFO">Repeating keyword, round 3/4.</msg>
<kw name="Payment Run Job" library="KEYWORD_PAYMENTRUN">
<kw name="Wait Until Element Is Visible" library="SEL">
<arg>${PAGE_PAYMENTRUN_TABS['TextBox_Status']}</arg>
<arg>60s</arg>
<doc>Waits until the element ``locator`` is visible.</doc>
<status status="PASS" starttime="20210923 17:03:39.087" endtime="20210923 17:03:39.111"/>
</kw>
<kw name="Get Element Attribute" library="SEL">
<var>${status}</var>
<arg>${PAGE_PAYMENTRUN_TABS['TextBox_Status']}</arg>
<arg>value</arg>
<doc>Returns the value of ``attribute`` from the element ``locator``.</doc>
<msg timestamp="20210923 17:03:39.126" level="INFO">${status} = AUTHORISED</msg>
<status status="PASS" starttime="20210923 17:03:39.112" endtime="20210923 17:03:39.126"/>
</kw>
<kw name="Run Keyword If" library="BIN">
<arg>'${status}' == 'SELECTED'</arg>
<arg>Authorize claims payment run</arg>
<arg>ELSE IF</arg>
<arg>'${status}' == 'AUTHORISED'</arg>
<arg>Generate Format</arg>
<arg>ELSE IF</arg>
<arg>'${status}' == 'FORMATTED'</arg>
<arg>Confirm Payment run</arg>
<arg>ELSE IF</arg>
<arg>'${status}' == 'CONFIRMED'</arg>
<arg>Check Review</arg>
<arg>ELSE</arg>
<arg>Click Refresh</arg>
<doc>Runs the given keyword with the given arguments, if ``condition`` is true.</doc>
<kw name="Generate Format" library="KEYWORD_PAYMENTRUN">
<kw name="Click Element" library="SEL">
<arg>${PAGE_PAYMENTRUN_TABS['Tab_Format']}</arg>
<doc>Click the element identified by ``locator``.</doc>
<msg timestamp="20210923 17:03:39.129" level="INFO">Clicking element 'xpath://input[@name='body:j_id_jsp_376848660_27j_id_0.2']'.</msg>
<status status="PASS" starttime="20210923 17:03:39.128" endtime="20210923 17:03:42.154"/>
</kw>
<kw name="Wait Until Element Is Not Visible" library="SEL">
<arg>${GENERIC_COMPONENTS['Image_Loading']}</arg>
<doc>Waits until the element ``locator`` is not visible.</doc>
<status status="PASS" starttime="20210923 17:03:42.154" endtime="20210923 17:03:43.078"/>
</kw>
<kw name="Wait Until Element Is Visible" library="SEL">
<arg>${PAGE_PAYMENTRUN_FORMAT['Button_Format']}</arg>
<doc>Waits until the element ``locator`` is visible.</doc>
<status status="PASS" starttime="20210923 17:03:43.078" endtime="20210923 17:03:43.103"/>
</kw>
<kw name="Click Element" library="SEL">
<arg>${PAGE_PAYMENTRUN_FORMAT['Button_Format']}</arg>
<doc>Click the element identified by ``locator``.</doc>
<msg timestamp="20210923 17:03:43.104" level="INFO">Clicking element 'xpath://div[@id='body:j_id_jsp_376848660_50j_id_0:formatFrm:formatGrid:j_id_jsp_376848660_56j_id_0']//td[1]//a[1]'.</msg>
<status status="PASS" starttime="20210923 17:03:43.103" endtime="20210923 17:03:46.302"/>
</kw>
<kw name="Wait Until Element Is Not Visible" library="SEL">
<arg>${GENERIC_COMPONENTS['Image_Loading']}</arg>
<doc>Waits until the element ``locator`` is not visible.</doc>
<status status="PASS" starttime="20210923 17:03:46.302" endtime="20210923 17:03:47.212"/>
</kw>
<status status="PASS" starttime="20210923 17:03:39.127" endtime="20210923 17:03:47.212"/>
</kw>
<status status="PASS" starttime="20210923 17:03:39.127" endtime="20210923 17:03:47.212"/>
</kw>
<status status="PASS" starttime="20210923 17:03:39.087" endtime="20210923 17:03:47.212"/>
</kw>
<msg timestamp="20210923 17:03:47.212" level="INFO">Repeating keyword, round 4/4.</msg>
<kw name="Payment Run Job" library="KEYWORD_PAYMENTRUN">
<kw name="Wait Until Element Is Visible" library="SEL">
<arg>${PAGE_PAYMENTRUN_TABS['TextBox_Status']}</arg>
<arg>60s</arg>
<doc>Waits until the element ``locator`` is visible.</doc>
<status status="PASS" starttime="20210923 17:03:47.213" endtime="20210923 17:03:47.233"/>
</kw>
<kw name="Get Element Attribute" library="SEL">
<var>${status}</var>
<arg>${PAGE_PAYMENTRUN_TABS['TextBox_Status']}</arg>
<arg>value</arg>
<doc>Returns the value of ``attribute`` from the element ``locator``.</doc>
<msg timestamp="20210923 17:03:47.248" level="INFO">${status} = FORMATTED</msg>
<status status="PASS" starttime="20210923 17:03:47.233" endtime="20210923 17:03:47.248"/>
</kw>
<kw name="Run Keyword If" library="BIN">
<arg>'${status}' == 'SELECTED'</arg>
<arg>Authorize claims payment run</arg>
<arg>ELSE IF</arg>
<arg>'${status}' == 'AUTHORISED'</arg>
<arg>Generate Format</arg>
<arg>ELSE IF</arg>
<arg>'${status}' == 'FORMATTED'</arg>
<arg>Confirm Payment run</arg>
<arg>ELSE IF</arg>
<arg>'${status}' == 'CONFIRMED'</arg>
<arg>Check Review</arg>
<arg>ELSE</arg>
<arg>Click Refresh</arg>
<doc>Runs the given keyword with the given arguments, if ``condition`` is true.</doc>
<kw name="Confirm Payment run" library="KEYWORD_PAYMENTRUN">
<kw name="Click Element" library="SEL">
<arg>${PAGE_PAYMENTRUN_TABS['Tab_Confirm']}</arg>
<doc>Click the element identified by ``locator``.</doc>
<msg timestamp="20210923 17:03:47.252" level="INFO">Clicking element 'xpath://input[@name='body:j_id_jsp_376848660_27j_id_0.3']'.</msg>
<status status="PASS" starttime="20210923 17:03:47.250" endtime="20210923 17:03:50.805"/>
</kw>
<kw name="Wait Until Element Is Not Visible" library="SEL">
<arg>${GENERIC_COMPONENTS['Image_Loading']}</arg>
<doc>Waits until the element ``locator`` is not visible.</doc>
<status status="PASS" starttime="20210923 17:03:50.806" endtime="20210923 17:03:51.737"/>
</kw>
<kw name="Wait Until Element Is Visible" library="SEL">
<arg>${PAGE_PAYMENTRUN_CONFIRM['Button_Confirm']}</arg>
<doc>Waits until the element ``locator`` is visible.</doc>
<status status="PASS" starttime="20210923 17:03:51.737" endtime="20210923 17:03:51.760"/>
</kw>
<kw name="Click Element" library="SEL">
<arg>${PAGE_PAYMENTRUN_CONFIRM['Button_Confirm']}</arg>
<doc>Click the element identified by ``locator``.</doc>
<msg timestamp="20210923 17:03:51.762" level="INFO">Clicking element 'xpath://div[@id='body:j_id_jsp_376848660_61j_id_0:confirmFrm:comfirmGrid:j_id_jsp_376848660_66j_id_0']//td[1]//a[1]'.</msg>
<status status="PASS" starttime="20210923 17:03:51.761" endtime="20210923 17:03:54.343"/>
</kw>
<status status="PASS" starttime="20210923 17:03:47.250" endtime="20210923 17:03:54.344"/>
</kw>
<status status="PASS" starttime="20210923 17:03:47.248" endtime="20210923 17:03:54.344"/>
</kw>
<status status="PASS" starttime="20210923 17:03:47.212" endtime="20210923 17:03:54.344"/>
</kw>
<status status="PASS" starttime="20210923 17:03:23.742" endtime="20210923 17:03:54.344"/>
</kw>
<status status="PASS" starttime="20210923 17:03:23.742" endtime="20210923 17:03:54.344"/>
</kw>
<kw name="Navigate to Home" library="KEYWORD_GENERIC">
<kw name="Click Element" library="SEL">
<arg>${GENERIC_COMPONENTS['MenuItem_Home']}</arg>
<doc>Click the element identified by ``locator``.</doc>
<msg timestamp="20210923 17:03:54.347" level="INFO">Clicking element 'xpath://span[contains(normalize-space(.),'Home')]'.</msg>
<status status="PASS" starttime="20210923 17:03:54.345" endtime="20210923 17:03:58.773"/>
</kw>
<kw name="Wait Until Element Is Not Visible" library="SEL">
<arg>${GENERIC_COMPONENTS['Image_Loading']}</arg>
<doc>Waits until the element ``locator`` is not visible.</doc>
<status status="PASS" starttime="20210923 17:03:58.774" endtime="20210923 17:03:59.693"/>
</kw>
<status status="PASS" starttime="20210923 17:03:54.345" endtime="20210923 17:03:59.693"/>
</kw>
<status status="PASS" starttime="20210923 16:48:41.215" endtime="20210923 17:03:59.695"/>
</test>
<kw name="Close All Browsers" library="SEL" type="TEARDOWN">
<doc>Closes all open browsers and resets the browser cache.</doc>
<status status="PASS" starttime="20210923 17:03:59.698" endtime="20210923 17:04:02.290"/>
</kw>
<status status="PASS" starttime="20210923 16:48:40.817" endtime="20210923 17:04:02.290"/>
</suite>
<statistics>
<total>
<stat pass="1" fail="0" skip="0">All Tests</stat>
</total>
<tag>
</tag>
<suite>
<stat pass="1" fail="0" skip="0" id="s1" name="REGRESSION">REGRESSION</stat>
</suite>
</statistics>
<errors>
</errors>
</robot>
